{"/Users/alexchan/Documents/Ursa/Zoo/frontend/src/App.tsx": {"path":"/Users/alexchan/Documents/Ursa/Zoo/frontend/src/App.tsx","statementMap":{"0":{"start":{"line":37,"column":2},"end":{"line":37,"column":null}},"1":{"start":{"line":41,"column":2},"end":{"line":41,"column":null}},"2":{"start":{"line":45,"column":2},"end":{"line":49,"column":null}},"3":{"start":{"line":53,"column":30},"end":{"line":53,"column":null}},"4":{"start":{"line":56,"column":8},"end":{"line":56,"column":null}},"5":{"start":{"line":57,"column":34},"end":{"line":57,"column":null}},"6":{"start":{"line":58,"column":32},"end":{"line":58,"column":null}},"7":{"start":{"line":59,"column":32},"end":{"line":59,"column":null}},"8":{"start":{"line":60,"column":40},"end":{"line":60,"column":null}},"9":{"start":{"line":62,"column":30},"end":{"line":62,"column":null}},"10":{"start":{"line":63,"column":34},"end":{"line":63,"column":null}},"11":{"start":{"line":64,"column":38},"end":{"line":64,"column":null}},"12":{"start":{"line":65,"column":46},"end":{"line":65,"column":null}},"13":{"start":{"line":66,"column":32},"end":{"line":66,"column":null}},"14":{"start":{"line":67,"column":30},"end":{"line":67,"column":null}},"15":{"start":{"line":68,"column":32},"end":{"line":68,"column":null}},"16":{"start":{"line":69,"column":42},"end":{"line":69,"column":null}},"17":{"start":{"line":70,"column":36},"end":{"line":70,"column":null}},"18":{"start":{"line":73,"column":2},"end":{"line":77,"column":null}},"19":{"start":{"line":74,"column":4},"end":{"line":76,"column":null}},"20":{"start":{"line":75,"column":19},"end":{"line":75,"column":57}},"21":{"start":{"line":76,"column":22},"end":{"line":76,"column":68}},"22":{"start":{"line":79,"column":23},"end":{"line":112,"column":null}},"23":{"start":{"line":80,"column":4},"end":{"line":80,"column":null}},"24":{"start":{"line":81,"column":4},"end":{"line":111,"column":null}},"25":{"start":{"line":82,"column":27},"end":{"line":82,"column":null}},"26":{"start":{"line":83,"column":27},"end":{"line":83,"column":null}},"27":{"start":{"line":84,"column":6},"end":{"line":92,"column":null}},"28":{"start":{"line":91,"column":8},"end":{"line":91,"column":null}},"29":{"start":{"line":93,"column":28},"end":{"line":93,"column":null}},"30":{"start":{"line":94,"column":28},"end":{"line":94,"column":null}},"31":{"start":{"line":95,"column":6},"end":{"line":95,"column":null}},"32":{"start":{"line":96,"column":6},"end":{"line":102,"column":null}},"33":{"start":{"line":97,"column":8},"end":{"line":97,"column":null}},"34":{"start":{"line":98,"column":8},"end":{"line":98,"column":null}},"35":{"start":{"line":99,"column":8},"end":{"line":99,"column":null}},"36":{"start":{"line":100,"column":8},"end":{"line":100,"column":null}},"37":{"start":{"line":101,"column":8},"end":{"line":101,"column":null}},"38":{"start":{"line":103,"column":6},"end":{"line":103,"column":null}},"39":{"start":{"line":106,"column":6},"end":{"line":108,"column":null}},"40":{"start":{"line":107,"column":8},"end":{"line":107,"column":null}},"41":{"start":{"line":110,"column":6},"end":{"line":110,"column":null}},"42":{"start":{"line":114,"column":8},"end":{"line":114,"column":null}},"43":{"start":{"line":115,"column":8},"end":{"line":115,"column":null}},"44":{"start":{"line":116,"column":8},"end":{"line":116,"column":null}},"45":{"start":{"line":118,"column":8},"end":{"line":118,"column":null}},"46":{"start":{"line":119,"column":8},"end":{"line":119,"column":null}},"47":{"start":{"line":120,"column":8},"end":{"line":120,"column":null}},"48":{"start":{"line":121,"column":8},"end":{"line":121,"column":null}},"49":{"start":{"line":122,"column":8},"end":{"line":122,"column":null}},"50":{"start":{"line":123,"column":8},"end":{"line":123,"column":null}},"51":{"start":{"line":125,"column":8},"end":{"line":125,"column":null}},"52":{"start":{"line":126,"column":8},"end":{"line":126,"column":null}},"53":{"start":{"line":127,"column":8},"end":{"line":127,"column":null}},"54":{"start":{"line":128,"column":8},"end":{"line":128,"column":null}},"55":{"start":{"line":129,"column":8},"end":{"line":129,"column":null}},"56":{"start":{"line":130,"column":8},"end":{"line":130,"column":null}},"57":{"start":{"line":131,"column":26},"end":{"line":131,"column":null}},"58":{"start":{"line":132,"column":28},"end":{"line":132,"column":null}},"59":{"start":{"line":133,"column":8},"end":{"line":133,"column":null}},"60":{"start":{"line":134,"column":8},"end":{"line":134,"column":null}},"61":{"start":{"line":140,"column":32},"end":{"line":140,"column":null}},"62":{"start":{"line":141,"column":36},"end":{"line":141,"column":null}},"63":{"start":{"line":142,"column":50},"end":{"line":142,"column":null}},"64":{"start":{"line":143,"column":58},"end":{"line":143,"column":null}},"65":{"start":{"line":147,"column":46},"end":{"line":147,"column":null}},"66":{"start":{"line":148,"column":38},"end":{"line":148,"column":null}},"67":{"start":{"line":149,"column":8},"end":{"line":149,"column":null}},"68":{"start":{"line":152,"column":2},"end":{"line":176,"column":null}},"69":{"start":{"line":153,"column":4},"end":{"line":156,"column":null}},"70":{"start":{"line":154,"column":6},"end":{"line":154,"column":null}},"71":{"start":{"line":155,"column":6},"end":{"line":155,"column":null}},"72":{"start":{"line":157,"column":4},"end":{"line":157,"column":null}},"73":{"start":{"line":158,"column":4},"end":{"line":174,"column":null}},"74":{"start":{"line":159,"column":67},"end":{"line":159,"column":null}},"75":{"start":{"line":160,"column":6},"end":{"line":172,"column":null}},"76":{"start":{"line":161,"column":8},"end":{"line":171,"column":null}},"77":{"start":{"line":162,"column":11},"end":{"line":170,"column":null}},"78":{"start":{"line":163,"column":13},"end":{"line":163,"column":null}},"79":{"start":{"line":166,"column":27},"end":{"line":166,"column":null}},"80":{"start":{"line":167,"column":13},"end":{"line":169,"column":null}},"81":{"start":{"line":168,"column":15},"end":{"line":168,"column":null}},"82":{"start":{"line":173,"column":6},"end":{"line":173,"column":null}},"83":{"start":{"line":175,"column":4},"end":{"line":175,"column":null}},"84":{"start":{"line":175,"column":17},"end":{"line":175,"column":null}},"85":{"start":{"line":185,"column":2},"end":{"line":190,"column":null}},"86":{"start":{"line":186,"column":4},"end":{"line":186,"column":null}},"87":{"start":{"line":187,"column":4},"end":{"line":189,"column":null}},"88":{"start":{"line":188,"column":6},"end":{"line":188,"column":null}},"89":{"start":{"line":191,"column":2},"end":{"line":193,"column":null}},"90":{"start":{"line":192,"column":4},"end":{"line":192,"column":null}},"91":{"start":{"line":194,"column":2},"end":{"line":200,"column":null}},"92":{"start":{"line":195,"column":4},"end":{"line":195,"column":null}},"93":{"start":{"line":196,"column":4},"end":{"line":196,"column":null}},"94":{"start":{"line":197,"column":4},"end":{"line":197,"column":null}},"95":{"start":{"line":198,"column":4},"end":{"line":198,"column":null}},"96":{"start":{"line":199,"column":4},"end":{"line":199,"column":null}},"97":{"start":{"line":202,"column":2},"end":{"line":206,"column":null}},"98":{"start":{"line":203,"column":4},"end":{"line":205,"column":null}},"99":{"start":{"line":204,"column":6},"end":{"line":204,"column":null}},"100":{"start":{"line":208,"column":9},"end":{"line":219,"column":null}},"101":{"start":{"line":209,"column":18},"end":{"line":209,"column":null}},"102":{"start":{"line":210,"column":5},"end":{"line":210,"column":null}},"103":{"start":{"line":210,"column":16},"end":{"line":210,"column":null}},"104":{"start":{"line":212,"column":5},"end":{"line":218,"column":null}},"105":{"start":{"line":214,"column":44},"end":{"line":217,"column":9}},"106":{"start":{"line":221,"column":24},"end":{"line":221,"column":null}},"107":{"start":{"line":222,"column":26},"end":{"line":222,"column":null}},"108":{"start":{"line":223,"column":29},"end":{"line":223,"column":null}},"109":{"start":{"line":224,"column":46},"end":{"line":224,"column":null}},"110":{"start":{"line":225,"column":22},"end":{"line":225,"column":null}},"111":{"start":{"line":226,"column":42},"end":{"line":228,"column":null}},"112":{"start":{"line":229,"column":42},"end":{"line":231,"column":null}},"113":{"start":{"line":239,"column":20},"end":{"line":239,"column":null}},"114":{"start":{"line":240,"column":22},"end":{"line":240,"column":null}},"115":{"start":{"line":241,"column":24},"end":{"line":241,"column":null}},"116":{"start":{"line":242,"column":25},"end":{"line":246,"column":null}},"117":{"start":{"line":246,"column":37},"end":{"line":246,"column":50}},"118":{"start":{"line":248,"column":21},"end":{"line":258,"column":null}},"119":{"start":{"line":249,"column":4},"end":{"line":249,"column":null}},"120":{"start":{"line":250,"column":4},"end":{"line":250,"column":null}},"121":{"start":{"line":251,"column":4},"end":{"line":251,"column":null}},"122":{"start":{"line":252,"column":4},"end":{"line":252,"column":null}},"123":{"start":{"line":253,"column":4},"end":{"line":253,"column":null}},"124":{"start":{"line":254,"column":4},"end":{"line":254,"column":null}},"125":{"start":{"line":255,"column":4},"end":{"line":255,"column":null}},"126":{"start":{"line":256,"column":4},"end":{"line":256,"column":null}},"127":{"start":{"line":257,"column":4},"end":{"line":257,"column":null}},"128":{"start":{"line":263,"column":2},"end":{"line":271,"column":null}},"129":{"start":{"line":264,"column":4},"end":{"line":264,"column":null}},"130":{"start":{"line":264,"column":37},"end":{"line":264,"column":null}},"131":{"start":{"line":265,"column":31},"end":{"line":268,"column":null}},"132":{"start":{"line":266,"column":6},"end":{"line":266,"column":null}},"133":{"start":{"line":267,"column":6},"end":{"line":267,"column":null}},"134":{"start":{"line":269,"column":4},"end":{"line":269,"column":null}},"135":{"start":{"line":270,"column":4},"end":{"line":270,"column":null}},"136":{"start":{"line":270,"column":17},"end":{"line":270,"column":null}},"137":{"start":{"line":277,"column":25},"end":{"line":277,"column":null}},"138":{"start":{"line":277,"column":71},"end":{"line":277,"column":null}},"139":{"start":{"line":279,"column":29},"end":{"line":282,"column":null}},"140":{"start":{"line":280,"column":4},"end":{"line":280,"column":null}},"141":{"start":{"line":280,"column":73},"end":{"line":280,"column":null}},"142":{"start":{"line":281,"column":4},"end":{"line":281,"column":null}},"143":{"start":{"line":284,"column":31},"end":{"line":287,"column":null}},"144":{"start":{"line":285,"column":4},"end":{"line":285,"column":null}},"145":{"start":{"line":285,"column":77},"end":{"line":285,"column":null}},"146":{"start":{"line":286,"column":4},"end":{"line":286,"column":null}},"147":{"start":{"line":289,"column":27},"end":{"line":310,"column":null}},"148":{"start":{"line":290,"column":4},"end":{"line":293,"column":null}},"149":{"start":{"line":293,"column":7},"end":{"line":293,"column":null}},"150":{"start":{"line":294,"column":4},"end":{"line":294,"column":null}},"151":{"start":{"line":295,"column":4},"end":{"line":309,"column":null}},"152":{"start":{"line":296,"column":27},"end":{"line":296,"column":null}},"153":{"start":{"line":297,"column":22},"end":{"line":299,"column":null}},"154":{"start":{"line":298,"column":43},"end":{"line":298,"column":83}},"155":{"start":{"line":300,"column":6},"end":{"line":303,"column":null}},"156":{"start":{"line":304,"column":6},"end":{"line":304,"column":null}},"157":{"start":{"line":305,"column":6},"end":{"line":305,"column":null}},"158":{"start":{"line":306,"column":6},"end":{"line":306,"column":null}},"159":{"start":{"line":308,"column":6},"end":{"line":308,"column":null}},"160":{"start":{"line":312,"column":28},"end":{"line":354,"column":null}},"161":{"start":{"line":313,"column":4},"end":{"line":313,"column":null}},"162":{"start":{"line":313,"column":51},"end":{"line":313,"column":null}},"163":{"start":{"line":314,"column":4},"end":{"line":323,"column":null}},"164":{"start":{"line":317,"column":6},"end":{"line":317,"column":null}},"165":{"start":{"line":318,"column":6},"end":{"line":321,"column":null}},"166":{"start":{"line":322,"column":6},"end":{"line":322,"column":null}},"167":{"start":{"line":324,"column":4},"end":{"line":328,"column":null}},"168":{"start":{"line":325,"column":6},"end":{"line":325,"column":null}},"169":{"start":{"line":326,"column":6},"end":{"line":326,"column":null}},"170":{"start":{"line":327,"column":6},"end":{"line":327,"column":null}},"171":{"start":{"line":329,"column":4},"end":{"line":333,"column":null}},"172":{"start":{"line":330,"column":6},"end":{"line":330,"column":null}},"173":{"start":{"line":331,"column":6},"end":{"line":331,"column":null}},"174":{"start":{"line":332,"column":6},"end":{"line":332,"column":null}},"175":{"start":{"line":334,"column":4},"end":{"line":334,"column":null}},"176":{"start":{"line":335,"column":4},"end":{"line":335,"column":null}},"177":{"start":{"line":336,"column":4},"end":{"line":336,"column":null}},"178":{"start":{"line":337,"column":4},"end":{"line":337,"column":null}},"179":{"start":{"line":338,"column":4},"end":{"line":338,"column":null}},"180":{"start":{"line":339,"column":4},"end":{"line":353,"column":null}},"181":{"start":{"line":340,"column":21},"end":{"line":344,"column":null}},"182":{"start":{"line":345,"column":6},"end":{"line":345,"column":null}},"183":{"start":{"line":346,"column":6},"end":{"line":346,"column":null}},"184":{"start":{"line":348,"column":6},"end":{"line":348,"column":null}},"185":{"start":{"line":350,"column":6},"end":{"line":350,"column":null}},"186":{"start":{"line":351,"column":6},"end":{"line":351,"column":null}},"187":{"start":{"line":352,"column":6},"end":{"line":352,"column":null}},"188":{"start":{"line":356,"column":26},"end":{"line":367,"column":null}},"189":{"start":{"line":357,"column":4},"end":{"line":357,"column":null}},"190":{"start":{"line":357,"column":46},"end":{"line":357,"column":null}},"191":{"start":{"line":358,"column":4},"end":{"line":358,"column":null}},"192":{"start":{"line":359,"column":4},"end":{"line":359,"column":null}},"193":{"start":{"line":360,"column":4},"end":{"line":366,"column":null}},"194":{"start":{"line":361,"column":21},"end":{"line":361,"column":null}},"195":{"start":{"line":362,"column":6},"end":{"line":362,"column":null}},"196":{"start":{"line":364,"column":6},"end":{"line":364,"column":null}},"197":{"start":{"line":365,"column":6},"end":{"line":365,"column":null}},"198":{"start":{"line":370,"column":4},"end":{"line":601,"column":null}},"199":{"start":{"line":424,"column":10},"end":{"line":436,"column":null}},"200":{"start":{"line":427,"column":27},"end":{"line":427,"column":null}},"201":{"start":{"line":447,"column":28},"end":{"line":450,"column":null}},"202":{"start":{"line":451,"column":12},"end":{"line":451,"column":null}},"203":{"start":{"line":451,"column":38},"end":{"line":451,"column":null}},"204":{"start":{"line":452,"column":12},"end":{"line":452,"column":null}},"205":{"start":{"line":485,"column":14},"end":{"line":485,"column":null}},"206":{"start":{"line":486,"column":14},"end":{"line":486,"column":null}},"207":{"start":{"line":510,"column":14},"end":{"line":510,"column":null}},"208":{"start":{"line":511,"column":14},"end":{"line":511,"column":null}},"209":{"start":{"line":537,"column":14},"end":{"line":537,"column":null}},"210":{"start":{"line":538,"column":14},"end":{"line":538,"column":null}},"211":{"start":{"line":539,"column":14},"end":{"line":539,"column":null}},"212":{"start":{"line":542,"column":14},"end":{"line":542,"column":null}},"213":{"start":{"line":543,"column":14},"end":{"line":543,"column":null}},"214":{"start":{"line":546,"column":14},"end":{"line":546,"column":null}},"215":{"start":{"line":547,"column":14},"end":{"line":547,"column":null}},"216":{"start":{"line":550,"column":14},"end":{"line":556,"column":null}},"217":{"start":{"line":551,"column":16},"end":{"line":554,"column":null}},"218":{"start":{"line":555,"column":16},"end":{"line":555,"column":null}},"219":{"start":{"line":557,"column":14},"end":{"line":563,"column":null}},"220":{"start":{"line":558,"column":16},"end":{"line":561,"column":null}},"221":{"start":{"line":562,"column":16},"end":{"line":562,"column":null}},"222":{"start":{"line":564,"column":14},"end":{"line":574,"column":null}},"223":{"start":{"line":569,"column":36},"end":{"line":569,"column":null}},"224":{"start":{"line":570,"column":34},"end":{"line":573,"column":null}},"225":{"start":{"line":598,"column":27},"end":{"line":598,"column":null}},"226":{"start":{"line":605,"column":4},"end":{"line":617,"column":null}},"227":{"start":{"line":621,"column":4},"end":{"line":637,"column":null}},"228":{"start":{"line":628,"column":35},"end":{"line":628,"column":null}},"229":{"start":{"line":629,"column":22},"end":{"line":629,"column":null}},"230":{"start":{"line":630,"column":8},"end":{"line":630,"column":null}},"231":{"start":{"line":631,"column":8},"end":{"line":631,"column":null}},"232":{"start":{"line":632,"column":8},"end":{"line":635,"column":null}},"233":{"start":{"line":633,"column":10},"end":{"line":633,"column":null}},"234":{"start":{"line":634,"column":10},"end":{"line":634,"column":null}},"235":{"start":{"line":640,"column":2},"end":{"line":640,"column":null}},"236":{"start":{"line":643,"column":48},"end":{"line":650,"column":null}},"237":{"start":{"line":652,"column":46},"end":{"line":660,"column":null}},"238":{"start":{"line":662,"column":47},"end":{"line":671,"column":null}},"239":{"start":{"line":673,"column":50},"end":{"line":686,"column":null}},"240":{"start":{"line":688,"column":54},"end":{"line":697,"column":null}},"241":{"start":{"line":699,"column":51},"end":{"line":703,"column":null}},"242":{"start":{"line":705,"column":45},"end":{"line":713,"column":null}},"243":{"start":{"line":715,"column":51},"end":{"line":722,"column":null}},"244":{"start":{"line":724,"column":57},"end":{"line":730,"column":null}}},"fnMap":{"0":{"name":"configDirFromSettings","decl":{"start":{"line":36,"column":9},"end":{"line":36,"column":31}},"loc":{"start":{"line":36,"column":67},"end":{"line":38,"column":null}},"line":36},"1":{"name":"errorMessage","decl":{"start":{"line":40,"column":9},"end":{"line":40,"column":22}},"loc":{"start":{"line":40,"column":46},"end":{"line":42,"column":null}},"line":40},"2":{"name":"errorHasStatus","decl":{"start":{"line":44,"column":9},"end":{"line":44,"column":24}},"loc":{"start":{"line":44,"column":65},"end":{"line":51,"column":null}},"line":44},"3":{"name":"App","decl":{"start":{"line":55,"column":24},"end":{"line":55,"column":30}},"loc":{"start":{"line":55,"column":30},"end":{"line":641,"column":null}},"line":55},"4":{"name":"(anonymous_4)","decl":{"start":{"line":73,"column":18},"end":{"line":73,"column":24}},"loc":{"start":{"line":73,"column":24},"end":{"line":77,"column":5}},"line":73},"5":{"name":"(anonymous_5)","decl":{"start":{"line":75,"column":12},"end":{"line":75,"column":13}},"loc":{"start":{"line":75,"column":19},"end":{"line":75,"column":57}},"line":75},"6":{"name":"(anonymous_6)","decl":{"start":{"line":76,"column":13},"end":{"line":76,"column":14}},"loc":{"start":{"line":76,"column":22},"end":{"line":76,"column":68}},"line":76},"7":{"name":"(anonymous_7)","decl":{"start":{"line":79,"column":23},"end":{"line":79,"column":35}},"loc":{"start":{"line":79,"column":35},"end":{"line":112,"column":null}},"line":79},"8":{"name":"(anonymous_8)","decl":{"start":{"line":152,"column":18},"end":{"line":152,"column":24}},"loc":{"start":{"line":152,"column":24},"end":{"line":176,"column":5}},"line":152},"9":{"name":"(anonymous_9)","decl":{"start":{"line":158,"column":41},"end":{"line":158,"column":53}},"loc":{"start":{"line":158,"column":53},"end":{"line":174,"column":7}},"line":158},"10":{"name":"(anonymous_10)","decl":{"start":{"line":175,"column":11},"end":{"line":175,"column":17}},"loc":{"start":{"line":175,"column":17},"end":{"line":175,"column":null}},"line":175},"11":{"name":"(anonymous_11)","decl":{"start":{"line":185,"column":18},"end":{"line":185,"column":24}},"loc":{"start":{"line":185,"column":24},"end":{"line":190,"column":5}},"line":185},"12":{"name":"(anonymous_12)","decl":{"start":{"line":191,"column":18},"end":{"line":191,"column":24}},"loc":{"start":{"line":191,"column":24},"end":{"line":193,"column":5}},"line":191},"13":{"name":"(anonymous_13)","decl":{"start":{"line":194,"column":18},"end":{"line":194,"column":24}},"loc":{"start":{"line":194,"column":24},"end":{"line":200,"column":5}},"line":194},"14":{"name":"(anonymous_14)","decl":{"start":{"line":202,"column":18},"end":{"line":202,"column":24}},"loc":{"start":{"line":202,"column":24},"end":{"line":206,"column":5}},"line":202},"15":{"name":"(anonymous_15)","decl":{"start":{"line":208,"column":31},"end":{"line":208,"column":37}},"loc":{"start":{"line":208,"column":37},"end":{"line":219,"column":6}},"line":208},"16":{"name":"(anonymous_16)","decl":{"start":{"line":214,"column":33},"end":{"line":214,"column":34}},"loc":{"start":{"line":214,"column":44},"end":{"line":217,"column":9}},"line":214},"17":{"name":"(anonymous_17)","decl":{"start":{"line":246,"column":11},"end":{"line":246,"column":12}},"loc":{"start":{"line":246,"column":37},"end":{"line":246,"column":50}},"line":246},"18":{"name":"(anonymous_18)","decl":{"start":{"line":248,"column":21},"end":{"line":248,"column":27}},"loc":{"start":{"line":248,"column":27},"end":{"line":258,"column":null}},"line":248},"19":{"name":"(anonymous_19)","decl":{"start":{"line":263,"column":18},"end":{"line":263,"column":24}},"loc":{"start":{"line":263,"column":24},"end":{"line":271,"column":5}},"line":263},"20":{"name":"(anonymous_20)","decl":{"start":{"line":265,"column":31},"end":{"line":265,"column":32}},"loc":{"start":{"line":265,"column":61},"end":{"line":268,"column":null}},"line":265},"21":{"name":"(anonymous_21)","decl":{"start":{"line":270,"column":11},"end":{"line":270,"column":17}},"loc":{"start":{"line":270,"column":17},"end":{"line":270,"column":null}},"line":270},"22":{"name":"(anonymous_22)","decl":{"start":{"line":277,"column":25},"end":{"line":277,"column":26}},"loc":{"start":{"line":277,"column":71},"end":{"line":277,"column":null}},"line":277},"23":{"name":"(anonymous_23)","decl":{"start":{"line":279,"column":29},"end":{"line":279,"column":30}},"loc":{"start":{"line":279,"column":51},"end":{"line":282,"column":null}},"line":279},"24":{"name":"(anonymous_24)","decl":{"start":{"line":284,"column":31},"end":{"line":284,"column":32}},"loc":{"start":{"line":284,"column":53},"end":{"line":287,"column":null}},"line":284},"25":{"name":"(anonymous_25)","decl":{"start":{"line":289,"column":27},"end":{"line":289,"column":34}},"loc":{"start":{"line":289,"column":55},"end":{"line":310,"column":null}},"line":289},"26":{"name":"(anonymous_26)","decl":{"start":{"line":298,"column":33},"end":{"line":298,"column":34}},"loc":{"start":{"line":298,"column":43},"end":{"line":298,"column":83}},"line":298},"27":{"name":"(anonymous_27)","decl":{"start":{"line":312,"column":28},"end":{"line":312,"column":40}},"loc":{"start":{"line":312,"column":40},"end":{"line":354,"column":null}},"line":312},"28":{"name":"(anonymous_28)","decl":{"start":{"line":356,"column":26},"end":{"line":356,"column":38}},"loc":{"start":{"line":356,"column":38},"end":{"line":367,"column":null}},"line":356},"29":{"name":"(anonymous_29)","decl":{"start":{"line":423,"column":48},"end":{"line":423,"column":49}},"loc":{"start":{"line":424,"column":10},"end":{"line":436,"column":null}},"line":424},"30":{"name":"(anonymous_30)","decl":{"start":{"line":427,"column":21},"end":{"line":427,"column":27}},"loc":{"start":{"line":427,"column":27},"end":{"line":427,"column":null}},"line":427},"31":{"name":"(anonymous_31)","decl":{"start":{"line":446,"column":28},"end":{"line":446,"column":34}},"loc":{"start":{"line":446,"column":34},"end":{"line":453,"column":13}},"line":446},"32":{"name":"(anonymous_32)","decl":{"start":{"line":484,"column":20},"end":{"line":484,"column":27}},"loc":{"start":{"line":484,"column":46},"end":{"line":487,"column":null}},"line":484},"33":{"name":"(anonymous_33)","decl":{"start":{"line":509,"column":20},"end":{"line":509,"column":27}},"loc":{"start":{"line":509,"column":46},"end":{"line":512,"column":null}},"line":509},"34":{"name":"(anonymous_34)","decl":{"start":{"line":536,"column":20},"end":{"line":536,"column":27}},"loc":{"start":{"line":536,"column":46},"end":{"line":540,"column":null}},"line":536},"35":{"name":"(anonymous_35)","decl":{"start":{"line":541,"column":27},"end":{"line":541,"column":28}},"loc":{"start":{"line":541,"column":38},"end":{"line":544,"column":null}},"line":541},"36":{"name":"(anonymous_36)","decl":{"start":{"line":545,"column":31},"end":{"line":545,"column":32}},"loc":{"start":{"line":545,"column":46},"end":{"line":548,"column":null}},"line":545},"37":{"name":"(anonymous_37)","decl":{"start":{"line":549,"column":24},"end":{"line":549,"column":30}},"loc":{"start":{"line":549,"column":30},"end":{"line":575,"column":null}},"line":549},"38":{"name":"(anonymous_38)","decl":{"start":{"line":569,"column":27},"end":{"line":569,"column":28}},"loc":{"start":{"line":569,"column":36},"end":{"line":569,"column":null}},"line":569},"39":{"name":"(anonymous_39)","decl":{"start":{"line":570,"column":25},"end":{"line":570,"column":26}},"loc":{"start":{"line":570,"column":34},"end":{"line":573,"column":null}},"line":570},"40":{"name":"(anonymous_40)","decl":{"start":{"line":598,"column":21},"end":{"line":598,"column":27}},"loc":{"start":{"line":598,"column":27},"end":{"line":598,"column":null}},"line":598},"41":{"name":"(anonymous_41)","decl":{"start":{"line":627,"column":24},"end":{"line":627,"column":31}},"loc":{"start":{"line":627,"column":50},"end":{"line":636,"column":null}},"line":627}},"branchMap":{"0":{"loc":{"start":{"line":37,"column":9},"end":{"line":37,"column":null}},"type":"binary-expr","locations":[{"start":{"line":37,"column":9},"end":{"line":37,"column":32}},{"start":{"line":37,"column":32},"end":{"line":37,"column":null}}],"line":37},"1":{"loc":{"start":{"line":41,"column":9},"end":{"line":41,"column":null}},"type":"cond-expr","locations":[{"start":{"line":41,"column":34},"end":{"line":41,"column":50}},{"start":{"line":41,"column":50},"end":{"line":41,"column":null}}],"line":41},"2":{"loc":{"start":{"line":46,"column":4},"end":{"line":49,"column":null}},"type":"binary-expr","locations":[{"start":{"line":46,"column":4},"end":{"line":46,"column":null}},{"start":{"line":47,"column":7},"end":{"line":47,"column":null}},{"start":{"line":48,"column":7},"end":{"line":48,"column":null}},{"start":{"line":49,"column":8},"end":{"line":49,"column":null}}],"line":46},"3":{"loc":{"start":{"line":84,"column":6},"end":{"line":92,"column":null}},"type":"if","locations":[{"start":{"line":84,"column":6},"end":{"line":92,"column":null}},{"start":{},"end":{}}],"line":84},"4":{"loc":{"start":{"line":85,"column":8},"end":{"line":89,"column":null}},"type":"binary-expr","locations":[{"start":{"line":85,"column":8},"end":{"line":85,"column":null}},{"start":{"line":86,"column":11},"end":{"line":89,"column":null}}],"line":85},"5":{"loc":{"start":{"line":96,"column":6},"end":{"line":102,"column":null}},"type":"if","locations":[{"start":{"line":96,"column":6},"end":{"line":102,"column":null}},{"start":{},"end":{}}],"line":96},"6":{"loc":{"start":{"line":106,"column":6},"end":{"line":108,"column":null}},"type":"if","locations":[{"start":{"line":106,"column":6},"end":{"line":108,"column":null}},{"start":{},"end":{}}],"line":106},"7":{"loc":{"start":{"line":106,"column":10},"end":{"line":106,"column":63}},"type":"binary-expr","locations":[{"start":{"line":106,"column":10},"end":{"line":106,"column":34}},{"start":{"line":106,"column":34},"end":{"line":106,"column":63}}],"line":106},"8":{"loc":{"start":{"line":131,"column":26},"end":{"line":131,"column":null}},"type":"binary-expr","locations":[{"start":{"line":131,"column":26},"end":{"line":131,"column":52}},{"start":{"line":131,"column":52},"end":{"line":131,"column":null}}],"line":131},"9":{"loc":{"start":{"line":132,"column":28},"end":{"line":132,"column":null}},"type":"binary-expr","locations":[{"start":{"line":132,"column":28},"end":{"line":132,"column":41}},{"start":{"line":132,"column":41},"end":{"line":132,"column":null}}],"line":132},"10":{"loc":{"start":{"line":153,"column":4},"end":{"line":156,"column":null}},"type":"if","locations":[{"start":{"line":153,"column":4},"end":{"line":156,"column":null}},{"start":{},"end":{}}],"line":153},"11":{"loc":{"start":{"line":161,"column":8},"end":{"line":171,"column":null}},"type":"if","locations":[{"start":{"line":161,"column":8},"end":{"line":171,"column":null}},{"start":{},"end":{}}],"line":161},"12":{"loc":{"start":{"line":167,"column":13},"end":{"line":169,"column":null}},"type":"if","locations":[{"start":{"line":167,"column":13},"end":{"line":169,"column":null}},{"start":{},"end":{}}],"line":167},"13":{"loc":{"start":{"line":187,"column":4},"end":{"line":189,"column":null}},"type":"if","locations":[{"start":{"line":187,"column":4},"end":{"line":189,"column":null}},{"start":{},"end":{}}],"line":187},"14":{"loc":{"start":{"line":203,"column":4},"end":{"line":205,"column":null}},"type":"if","locations":[{"start":{"line":203,"column":4},"end":{"line":205,"column":null}},{"start":{},"end":{}}],"line":203},"15":{"loc":{"start":{"line":209,"column":18},"end":{"line":209,"column":null}},"type":"binary-expr","locations":[{"start":{"line":209,"column":18},"end":{"line":209,"column":31}},{"start":{"line":209,"column":31},"end":{"line":209,"column":49}},{"start":{"line":209,"column":49},"end":{"line":209,"column":null}}],"line":209},"16":{"loc":{"start":{"line":210,"column":5},"end":{"line":210,"column":null}},"type":"if","locations":[{"start":{"line":210,"column":5},"end":{"line":210,"column":null}},{"start":{},"end":{}}],"line":210},"17":{"loc":{"start":{"line":216,"column":16},"end":{"line":216,"column":null}},"type":"cond-expr","locations":[{"start":{"line":216,"column":28},"end":{"line":216,"column":75}},{"start":{"line":216,"column":75},"end":{"line":216,"column":null}}],"line":216},"18":{"loc":{"start":{"line":216,"column":28},"end":{"line":216,"column":75}},"type":"binary-expr","locations":[{"start":{"line":216,"column":28},"end":{"line":216,"column":54}},{"start":{"line":216,"column":54},"end":{"line":216,"column":68}},{"start":{"line":216,"column":68},"end":{"line":216,"column":75}}],"line":216},"19":{"loc":{"start":{"line":216,"column":75},"end":{"line":216,"column":null}},"type":"binary-expr","locations":[{"start":{"line":216,"column":75},"end":{"line":216,"column":89}},{"start":{"line":216,"column":89},"end":{"line":216,"column":115}},{"start":{"line":216,"column":115},"end":{"line":216,"column":null}}],"line":216},"20":{"loc":{"start":{"line":221,"column":24},"end":{"line":221,"column":null}},"type":"binary-expr","locations":[{"start":{"line":221,"column":24},"end":{"line":221,"column":39}},{"start":{"line":221,"column":39},"end":{"line":221,"column":59}},{"start":{"line":221,"column":59},"end":{"line":221,"column":null}}],"line":221},"21":{"loc":{"start":{"line":222,"column":26},"end":{"line":222,"column":null}},"type":"binary-expr","locations":[{"start":{"line":222,"column":26},"end":{"line":222,"column":60}},{"start":{"line":222,"column":60},"end":{"line":222,"column":null}}],"line":222},"22":{"loc":{"start":{"line":223,"column":29},"end":{"line":223,"column":null}},"type":"binary-expr","locations":[{"start":{"line":223,"column":29},"end":{"line":223,"column":73}},{"start":{"line":223,"column":73},"end":{"line":223,"column":null}}],"line":223},"23":{"loc":{"start":{"line":224,"column":46},"end":{"line":224,"column":null}},"type":"binary-expr","locations":[{"start":{"line":224,"column":46},"end":{"line":224,"column":86}},{"start":{"line":224,"column":86},"end":{"line":224,"column":null}}],"line":224},"24":{"loc":{"start":{"line":225,"column":22},"end":{"line":225,"column":null}},"type":"binary-expr","locations":[{"start":{"line":225,"column":22},"end":{"line":225,"column":66}},{"start":{"line":225,"column":66},"end":{"line":225,"column":null}}],"line":225},"25":{"loc":{"start":{"line":226,"column":42},"end":{"line":228,"column":null}},"type":"cond-expr","locations":[{"start":{"line":227,"column":6},"end":{"line":227,"column":null}},{"start":{"line":228,"column":6},"end":{"line":228,"column":null}}],"line":226},"26":{"loc":{"start":{"line":229,"column":42},"end":{"line":231,"column":null}},"type":"cond-expr","locations":[{"start":{"line":230,"column":6},"end":{"line":230,"column":null}},{"start":{"line":231,"column":6},"end":{"line":231,"column":null}}],"line":229},"27":{"loc":{"start":{"line":241,"column":24},"end":{"line":241,"column":null}},"type":"binary-expr","locations":[{"start":{"line":241,"column":24},"end":{"line":241,"column":55}},{"start":{"line":241,"column":55},"end":{"line":241,"column":null}}],"line":241},"28":{"loc":{"start":{"line":243,"column":4},"end":{"line":243,"column":null}},"type":"cond-expr","locations":[{"start":{"line":243,"column":18},"end":{"line":243,"column":29}},{"start":{"line":243,"column":29},"end":{"line":243,"column":null}}],"line":243},"29":{"loc":{"start":{"line":244,"column":4},"end":{"line":244,"column":null}},"type":"cond-expr","locations":[{"start":{"line":244,"column":16},"end":{"line":244,"column":25}},{"start":{"line":244,"column":25},"end":{"line":244,"column":null}}],"line":244},"30":{"loc":{"start":{"line":245,"column":4},"end":{"line":245,"column":null}},"type":"cond-expr","locations":[{"start":{"line":245,"column":20},"end":{"line":245,"column":33}},{"start":{"line":245,"column":33},"end":{"line":245,"column":null}}],"line":245},"31":{"loc":{"start":{"line":264,"column":4},"end":{"line":264,"column":null}},"type":"if","locations":[{"start":{"line":264,"column":4},"end":{"line":264,"column":null}},{"start":{},"end":{}}],"line":264},"32":{"loc":{"start":{"line":277,"column":71},"end":{"line":277,"column":null}},"type":"binary-expr","locations":[{"start":{"line":277,"column":71},"end":{"line":277,"column":81}},{"start":{"line":277,"column":81},"end":{"line":277,"column":null}}],"line":277},"33":{"loc":{"start":{"line":280,"column":4},"end":{"line":280,"column":null}},"type":"if","locations":[{"start":{"line":280,"column":4},"end":{"line":280,"column":null}},{"start":{},"end":{}}],"line":280},"34":{"loc":{"start":{"line":285,"column":4},"end":{"line":285,"column":null}},"type":"if","locations":[{"start":{"line":285,"column":4},"end":{"line":285,"column":null}},{"start":{},"end":{}}],"line":285},"35":{"loc":{"start":{"line":290,"column":4},"end":{"line":293,"column":null}},"type":"if","locations":[{"start":{"line":290,"column":4},"end":{"line":293,"column":null}},{"start":{},"end":{}}],"line":290},"36":{"loc":{"start":{"line":308,"column":21},"end":{"line":308,"column":69}},"type":"cond-expr","locations":[{"start":{"line":308,"column":44},"end":{"line":308,"column":58}},{"start":{"line":308,"column":58},"end":{"line":308,"column":69}}],"line":308},"37":{"loc":{"start":{"line":313,"column":4},"end":{"line":313,"column":null}},"type":"if","locations":[{"start":{"line":313,"column":4},"end":{"line":313,"column":null}},{"start":{},"end":{}}],"line":313},"38":{"loc":{"start":{"line":313,"column":8},"end":{"line":313,"column":51}},"type":"binary-expr","locations":[{"start":{"line":313,"column":8},"end":{"line":313,"column":23}},{"start":{"line":313,"column":23},"end":{"line":313,"column":36}},{"start":{"line":313,"column":36},"end":{"line":313,"column":51}}],"line":313},"39":{"loc":{"start":{"line":314,"column":4},"end":{"line":323,"column":null}},"type":"if","locations":[{"start":{"line":314,"column":4},"end":{"line":323,"column":null}},{"start":{},"end":{}}],"line":314},"40":{"loc":{"start":{"line":324,"column":4},"end":{"line":328,"column":null}},"type":"if","locations":[{"start":{"line":324,"column":4},"end":{"line":328,"column":null}},{"start":{},"end":{}}],"line":324},"41":{"loc":{"start":{"line":329,"column":4},"end":{"line":333,"column":null}},"type":"if","locations":[{"start":{"line":329,"column":4},"end":{"line":333,"column":null}},{"start":{},"end":{}}],"line":329},"42":{"loc":{"start":{"line":348,"column":18},"end":{"line":348,"column":66}},"type":"cond-expr","locations":[{"start":{"line":348,"column":41},"end":{"line":348,"column":55}},{"start":{"line":348,"column":55},"end":{"line":348,"column":66}}],"line":348},"43":{"loc":{"start":{"line":357,"column":4},"end":{"line":357,"column":null}},"type":"if","locations":[{"start":{"line":357,"column":4},"end":{"line":357,"column":null}},{"start":{},"end":{}}],"line":357},"44":{"loc":{"start":{"line":357,"column":8},"end":{"line":357,"column":46}},"type":"binary-expr","locations":[{"start":{"line":357,"column":8},"end":{"line":357,"column":30}},{"start":{"line":357,"column":30},"end":{"line":357,"column":46}}],"line":357},"45":{"loc":{"start":{"line":362,"column":18},"end":{"line":362,"column":124}},"type":"cond-expr","locations":[{"start":{"line":362,"column":35},"end":{"line":362,"column":90}},{"start":{"line":362,"column":90},"end":{"line":362,"column":124}}],"line":362},"46":{"loc":{"start":{"line":364,"column":36},"end":{"line":364,"column":84}},"type":"cond-expr","locations":[{"start":{"line":364,"column":59},"end":{"line":364,"column":73}},{"start":{"line":364,"column":73},"end":{"line":364,"column":84}}],"line":364},"47":{"loc":{"start":{"line":380,"column":19},"end":{"line":380,"column":null}},"type":"cond-expr","locations":[{"start":{"line":380,"column":31},"end":{"line":380,"column":61}},{"start":{"line":380,"column":61},"end":{"line":380,"column":null}}],"line":380},"48":{"loc":{"start":{"line":383,"column":51},"end":{"line":383,"column":82}},"type":"cond-expr","locations":[{"start":{"line":383,"column":63},"end":{"line":383,"column":75}},{"start":{"line":383,"column":75},"end":{"line":383,"column":82}}],"line":383},"49":{"loc":{"start":{"line":393,"column":21},"end":{"line":393,"column":null}},"type":"binary-expr","locations":[{"start":{"line":393,"column":21},"end":{"line":393,"column":34}},{"start":{"line":393,"column":34},"end":{"line":393,"column":null}}],"line":393},"50":{"loc":{"start":{"line":396,"column":62},"end":{"line":396,"column":93}},"type":"cond-expr","locations":[{"start":{"line":396,"column":74},"end":{"line":396,"column":86}},{"start":{"line":396,"column":86},"end":{"line":396,"column":93}}],"line":396},"51":{"loc":{"start":{"line":399,"column":15},"end":{"line":399,"column":null}},"type":"cond-expr","locations":[{"start":{"line":399,"column":31},"end":{"line":399,"column":39}},{"start":{"line":399,"column":39},"end":{"line":399,"column":null}}],"line":399},"52":{"loc":{"start":{"line":404,"column":7},"end":{"line":420,"column":null}},"type":"binary-expr","locations":[{"start":{"line":404,"column":7},"end":{"line":404,"column":null}},{"start":{"line":405,"column":8},"end":{"line":420,"column":null}}],"line":404},"53":{"loc":{"start":{"line":408,"column":13},"end":{"line":409,"column":null}},"type":"binary-expr","locations":[{"start":{"line":408,"column":13},"end":{"line":408,"column":null}},{"start":{"line":409,"column":14},"end":{"line":409,"column":null}}],"line":408},"54":{"loc":{"start":{"line":416,"column":19},"end":{"line":416,"column":null}},"type":"cond-expr","locations":[{"start":{"line":416,"column":36},"end":{"line":416,"column":108}},{"start":{"line":416,"column":108},"end":{"line":416,"column":null}}],"line":416},"55":{"loc":{"start":{"line":418,"column":13},"end":{"line":418,"column":null}},"type":"cond-expr","locations":[{"start":{"line":418,"column":30},"end":{"line":418,"column":48}},{"start":{"line":418,"column":48},"end":{"line":418,"column":null}}],"line":418},"56":{"loc":{"start":{"line":430,"column":26},"end":{"line":430,"column":null}},"type":"cond-expr","locations":[{"start":{"line":430,"column":48},"end":{"line":430,"column":60}},{"start":{"line":430,"column":60},"end":{"line":430,"column":null}}],"line":430},"57":{"loc":{"start":{"line":431,"column":21},"end":{"line":431,"column":null}},"type":"cond-expr","locations":[{"start":{"line":431,"column":43},"end":{"line":431,"column":52}},{"start":{"line":431,"column":52},"end":{"line":431,"column":null}}],"line":431},"58":{"loc":{"start":{"line":432,"column":27},"end":{"line":432,"column":null}},"type":"cond-expr","locations":[{"start":{"line":432,"column":49},"end":{"line":432,"column":61}},{"start":{"line":432,"column":61},"end":{"line":432,"column":null}}],"line":432},"59":{"loc":{"start":{"line":439,"column":7},"end":{"line":591,"column":null}},"type":"binary-expr","locations":[{"start":{"line":439,"column":7},"end":{"line":439,"column":null}},{"start":{"line":440,"column":8},"end":{"line":591,"column":null}}],"line":439},"60":{"loc":{"start":{"line":445,"column":24},"end":{"line":445,"column":null}},"type":"cond-expr","locations":[{"start":{"line":445,"column":63},"end":{"line":445,"column":78}},{"start":{"line":445,"column":78},"end":{"line":445,"column":null}}],"line":445},"61":{"loc":{"start":{"line":445,"column":24},"end":{"line":445,"column":63}},"type":"binary-expr","locations":[{"start":{"line":445,"column":24},"end":{"line":445,"column":43}},{"start":{"line":445,"column":43},"end":{"line":445,"column":63}}],"line":445},"62":{"loc":{"start":{"line":448,"column":14},"end":{"line":448,"column":null}},"type":"binary-expr","locations":[{"start":{"line":448,"column":14},"end":{"line":448,"column":35}},{"start":{"line":448,"column":35},"end":{"line":448,"column":null}}],"line":448},"63":{"loc":{"start":{"line":449,"column":14},"end":{"line":449,"column":null}},"type":"binary-expr","locations":[{"start":{"line":449,"column":14},"end":{"line":449,"column":33}},{"start":{"line":449,"column":33},"end":{"line":449,"column":null}}],"line":449},"64":{"loc":{"start":{"line":451,"column":12},"end":{"line":451,"column":null}},"type":"if","locations":[{"start":{"line":451,"column":12},"end":{"line":451,"column":null}},{"start":{},"end":{}}],"line":451},"65":{"loc":{"start":{"line":452,"column":62},"end":{"line":452,"column":91}},"type":"cond-expr","locations":[{"start":{"line":452,"column":83},"end":{"line":452,"column":89}},{"start":{"line":452,"column":89},"end":{"line":452,"column":91}}],"line":452},"66":{"loc":{"start":{"line":462,"column":20},"end":{"line":462,"column":null}},"type":"binary-expr","locations":[{"start":{"line":462,"column":20},"end":{"line":462,"column":50}},{"start":{"line":462,"column":50},"end":{"line":462,"column":null}}],"line":462},"67":{"loc":{"start":{"line":463,"column":18},"end":{"line":463,"column":null}},"type":"binary-expr","locations":[{"start":{"line":463,"column":18},"end":{"line":463,"column":38}},{"start":{"line":463,"column":38},"end":{"line":463,"column":66}},{"start":{"line":463,"column":66},"end":{"line":463,"column":null}}],"line":463},"68":{"loc":{"start":{"line":464,"column":22},"end":{"line":464,"column":null}},"type":"binary-expr","locations":[{"start":{"line":464,"column":22},"end":{"line":464,"column":54}},{"start":{"line":464,"column":54},"end":{"line":464,"column":null}}],"line":464},"69":{"loc":{"start":{"line":467,"column":11},"end":{"line":491,"column":null}},"type":"binary-expr","locations":[{"start":{"line":467,"column":11},"end":{"line":467,"column":null}},{"start":{"line":468,"column":8},"end":{"line":491,"column":null}}],"line":467},"70":{"loc":{"start":{"line":469,"column":11},"end":{"line":470,"column":null}},"type":"binary-expr","locations":[{"start":{"line":469,"column":11},"end":{"line":469,"column":null}},{"start":{"line":470,"column":12},"end":{"line":470,"column":null}}],"line":469},"71":{"loc":{"start":{"line":472,"column":11},"end":{"line":473,"column":null}},"type":"binary-expr","locations":[{"start":{"line":472,"column":11},"end":{"line":472,"column":32}},{"start":{"line":472,"column":32},"end":{"line":472,"column":null}},{"start":{"line":473,"column":12},"end":{"line":473,"column":null}}],"line":472},"72":{"loc":{"start":{"line":477,"column":21},"end":{"line":477,"column":null}},"type":"binary-expr","locations":[{"start":{"line":477,"column":21},"end":{"line":477,"column":41}},{"start":{"line":477,"column":41},"end":{"line":477,"column":null}}],"line":477},"73":{"loc":{"start":{"line":481,"column":18},"end":{"line":481,"column":null}},"type":"binary-expr","locations":[{"start":{"line":481,"column":18},"end":{"line":481,"column":31}},{"start":{"line":481,"column":31},"end":{"line":481,"column":49}},{"start":{"line":481,"column":49},"end":{"line":481,"column":null}}],"line":481},"74":{"loc":{"start":{"line":482,"column":22},"end":{"line":482,"column":null}},"type":"binary-expr","locations":[{"start":{"line":482,"column":22},"end":{"line":482,"column":40}},{"start":{"line":482,"column":40},"end":{"line":482,"column":null}}],"line":482},"75":{"loc":{"start":{"line":476,"column":17},"end":{"line":476,"column":null}},"type":"cond-expr","locations":[{"start":{"line":476,"column":34},"end":{"line":476,"column":72}},{"start":{"line":476,"column":72},"end":{"line":476,"column":null}}],"line":476},"76":{"loc":{"start":{"line":476,"column":84},"end":{"line":476,"column":102}},"type":"binary-expr","locations":[{"start":{"line":476,"column":84},"end":{"line":476,"column":96}},{"start":{"line":476,"column":96},"end":{"line":476,"column":102}}],"line":476},"77":{"loc":{"start":{"line":493,"column":11},"end":{"line":516,"column":null}},"type":"binary-expr","locations":[{"start":{"line":493,"column":11},"end":{"line":493,"column":null}},{"start":{"line":494,"column":8},"end":{"line":516,"column":null}}],"line":493},"78":{"loc":{"start":{"line":495,"column":11},"end":{"line":496,"column":null}},"type":"binary-expr","locations":[{"start":{"line":495,"column":11},"end":{"line":495,"column":34}},{"start":{"line":495,"column":34},"end":{"line":495,"column":null}},{"start":{"line":496,"column":12},"end":{"line":496,"column":null}}],"line":495},"79":{"loc":{"start":{"line":500,"column":21},"end":{"line":500,"column":null}},"type":"binary-expr","locations":[{"start":{"line":500,"column":21},"end":{"line":500,"column":43}},{"start":{"line":500,"column":43},"end":{"line":500,"column":null}}],"line":500},"80":{"loc":{"start":{"line":504,"column":20},"end":{"line":504,"column":null}},"type":"binary-expr","locations":[{"start":{"line":504,"column":20},"end":{"line":504,"column":35}},{"start":{"line":504,"column":35},"end":{"line":504,"column":55}},{"start":{"line":504,"column":55},"end":{"line":504,"column":null}}],"line":504},"81":{"loc":{"start":{"line":505,"column":22},"end":{"line":505,"column":null}},"type":"binary-expr","locations":[{"start":{"line":505,"column":22},"end":{"line":505,"column":42}},{"start":{"line":505,"column":42},"end":{"line":505,"column":null}}],"line":505},"82":{"loc":{"start":{"line":506,"column":29},"end":{"line":506,"column":null}},"type":"binary-expr","locations":[{"start":{"line":506,"column":29},"end":{"line":506,"column":53}},{"start":{"line":506,"column":53},"end":{"line":506,"column":null}}],"line":506},"83":{"loc":{"start":{"line":507,"column":31},"end":{"line":507,"column":null}},"type":"binary-expr","locations":[{"start":{"line":507,"column":31},"end":{"line":507,"column":57}},{"start":{"line":507,"column":57},"end":{"line":507,"column":null}}],"line":507},"84":{"loc":{"start":{"line":499,"column":17},"end":{"line":499,"column":null}},"type":"cond-expr","locations":[{"start":{"line":499,"column":36},"end":{"line":499,"column":76}},{"start":{"line":499,"column":76},"end":{"line":499,"column":null}}],"line":499},"85":{"loc":{"start":{"line":499,"column":88},"end":{"line":499,"column":108}},"type":"binary-expr","locations":[{"start":{"line":499,"column":88},"end":{"line":499,"column":102}},{"start":{"line":499,"column":102},"end":{"line":499,"column":108}}],"line":499},"86":{"loc":{"start":{"line":518,"column":11},"end":{"line":589,"column":null}},"type":"binary-expr","locations":[{"start":{"line":518,"column":11},"end":{"line":518,"column":39}},{"start":{"line":518,"column":39},"end":{"line":518,"column":57}},{"start":{"line":518,"column":57},"end":{"line":518,"column":null}},{"start":{"line":519,"column":8},"end":{"line":589,"column":null}}],"line":518},"87":{"loc":{"start":{"line":520,"column":11},"end":{"line":521,"column":null}},"type":"binary-expr","locations":[{"start":{"line":520,"column":11},"end":{"line":520,"column":36}},{"start":{"line":520,"column":36},"end":{"line":520,"column":null}},{"start":{"line":521,"column":12},"end":{"line":521,"column":null}}],"line":520},"88":{"loc":{"start":{"line":525,"column":21},"end":{"line":525,"column":null}},"type":"binary-expr","locations":[{"start":{"line":525,"column":21},"end":{"line":525,"column":45}},{"start":{"line":525,"column":45},"end":{"line":525,"column":null}}],"line":525},"89":{"loc":{"start":{"line":529,"column":22},"end":{"line":529,"column":null}},"type":"binary-expr","locations":[{"start":{"line":529,"column":22},"end":{"line":529,"column":47}},{"start":{"line":529,"column":47},"end":{"line":529,"column":null}}],"line":529},"90":{"loc":{"start":{"line":530,"column":19},"end":{"line":530,"column":null}},"type":"binary-expr","locations":[{"start":{"line":530,"column":19},"end":{"line":530,"column":34}},{"start":{"line":530,"column":34},"end":{"line":530,"column":null}}],"line":530},"91":{"loc":{"start":{"line":531,"column":21},"end":{"line":531,"column":null}},"type":"binary-expr","locations":[{"start":{"line":531,"column":21},"end":{"line":531,"column":38}},{"start":{"line":531,"column":38},"end":{"line":531,"column":null}}],"line":531},"92":{"loc":{"start":{"line":532,"column":31},"end":{"line":532,"column":null}},"type":"binary-expr","locations":[{"start":{"line":532,"column":31},"end":{"line":532,"column":57}},{"start":{"line":532,"column":57},"end":{"line":532,"column":null}}],"line":532},"93":{"loc":{"start":{"line":533,"column":19},"end":{"line":533,"column":null}},"type":"binary-expr","locations":[{"start":{"line":533,"column":19},"end":{"line":533,"column":41}},{"start":{"line":533,"column":41},"end":{"line":533,"column":70}},{"start":{"line":533,"column":70},"end":{"line":533,"column":null}}],"line":533},"94":{"loc":{"start":{"line":534,"column":23},"end":{"line":534,"column":null}},"type":"cond-expr","locations":[{"start":{"line":534,"column":62},"end":{"line":534,"column":87}},{"start":{"line":534,"column":87},"end":{"line":534,"column":null}}],"line":534},"95":{"loc":{"start":{"line":534,"column":87},"end":{"line":534,"column":null}},"type":"binary-expr","locations":[{"start":{"line":534,"column":87},"end":{"line":534,"column":120}},{"start":{"line":534,"column":120},"end":{"line":534,"column":null}}],"line":534},"96":{"loc":{"start":{"line":535,"column":22},"end":{"line":535,"column":null}},"type":"binary-expr","locations":[{"start":{"line":535,"column":22},"end":{"line":535,"column":44}},{"start":{"line":535,"column":44},"end":{"line":535,"column":null}}],"line":535},"97":{"loc":{"start":{"line":550,"column":14},"end":{"line":556,"column":null}},"type":"if","locations":[{"start":{"line":550,"column":14},"end":{"line":556,"column":null}},{"start":{},"end":{}}],"line":550},"98":{"loc":{"start":{"line":550,"column":18},"end":{"line":550,"column":61}},"type":"binary-expr","locations":[{"start":{"line":550,"column":18},"end":{"line":550,"column":33}},{"start":{"line":550,"column":33},"end":{"line":550,"column":46}},{"start":{"line":550,"column":46},"end":{"line":550,"column":61}}],"line":550},"99":{"loc":{"start":{"line":557,"column":14},"end":{"line":563,"column":null}},"type":"if","locations":[{"start":{"line":557,"column":14},"end":{"line":563,"column":null}},{"start":{},"end":{}}],"line":557},"100":{"loc":{"start":{"line":572,"column":34},"end":{"line":572,"column":74}},"type":"cond-expr","locations":[{"start":{"line":572,"column":57},"end":{"line":572,"column":71}},{"start":{"line":572,"column":71},"end":{"line":572,"column":74}}],"line":572},"101":{"loc":{"start":{"line":576,"column":30},"end":{"line":576,"column":null}},"type":"binary-expr","locations":[{"start":{"line":576,"column":30},"end":{"line":576,"column":58}},{"start":{"line":576,"column":58},"end":{"line":576,"column":null}}],"line":576},"102":{"loc":{"start":{"line":582,"column":20},"end":{"line":582,"column":null}},"type":"binary-expr","locations":[{"start":{"line":582,"column":20},"end":{"line":582,"column":39}},{"start":{"line":582,"column":39},"end":{"line":582,"column":null}}],"line":582},"103":{"loc":{"start":{"line":524,"column":17},"end":{"line":524,"column":null}},"type":"cond-expr","locations":[{"start":{"line":524,"column":38},"end":{"line":524,"column":80}},{"start":{"line":524,"column":80},"end":{"line":524,"column":null}}],"line":524},"104":{"loc":{"start":{"line":524,"column":92},"end":{"line":524,"column":114}},"type":"binary-expr","locations":[{"start":{"line":524,"column":92},"end":{"line":524,"column":108}},{"start":{"line":524,"column":108},"end":{"line":524,"column":114}}],"line":524},"105":{"loc":{"start":{"line":593,"column":7},"end":{"line":599,"column":null}},"type":"binary-expr","locations":[{"start":{"line":593,"column":7},"end":{"line":593,"column":null}},{"start":{"line":594,"column":8},"end":{"line":599,"column":null}}],"line":593},"106":{"loc":{"start":{"line":595,"column":21},"end":{"line":595,"column":null}},"type":"binary-expr","locations":[{"start":{"line":595,"column":21},"end":{"line":595,"column":44}},{"start":{"line":595,"column":44},"end":{"line":595,"column":null}}],"line":595},"107":{"loc":{"start":{"line":610,"column":23},"end":{"line":610,"column":null}},"type":"binary-expr","locations":[{"start":{"line":610,"column":23},"end":{"line":610,"column":60}},{"start":{"line":610,"column":60},"end":{"line":610,"column":null}}],"line":610},"108":{"loc":{"start":{"line":611,"column":26},"end":{"line":611,"column":null}},"type":"binary-expr","locations":[{"start":{"line":611,"column":26},"end":{"line":611,"column":49}},{"start":{"line":611,"column":49},"end":{"line":611,"column":null}}],"line":611},"109":{"loc":{"start":{"line":622,"column":16},"end":{"line":622,"column":null}},"type":"binary-expr","locations":[{"start":{"line":622,"column":16},"end":{"line":622,"column":39}},{"start":{"line":622,"column":39},"end":{"line":622,"column":null}}],"line":622},"110":{"loc":{"start":{"line":624,"column":18},"end":{"line":624,"column":null}},"type":"cond-expr","locations":[{"start":{"line":624,"column":34},"end":{"line":624,"column":47}},{"start":{"line":624,"column":47},"end":{"line":624,"column":null}}],"line":624},"111":{"loc":{"start":{"line":632,"column":8},"end":{"line":635,"column":null}},"type":"if","locations":[{"start":{"line":632,"column":8},"end":{"line":635,"column":null}},{"start":{},"end":{}}],"line":632},"112":{"loc":{"start":{"line":632,"column":12},"end":{"line":632,"column":73}},"type":"binary-expr","locations":[{"start":{"line":632,"column":12},"end":{"line":632,"column":34}},{"start":{"line":632,"column":34},"end":{"line":632,"column":73}}],"line":632}},"s":{"0":43,"1":0,"2":0,"3":2,"4":589,"5":589,"6":589,"7":589,"8":589,"9":589,"10":589,"11":589,"12":589,"13":589,"14":589,"15":589,"16":589,"17":589,"18":589,"19":38,"20":38,"21":0,"22":589,"23":3,"24":3,"25":3,"26":3,"27":3,"28":1,"29":2,"30":2,"31":2,"32":2,"33":2,"34":2,"35":2,"36":2,"37":2,"38":2,"39":0,"40":0,"41":3,"42":589,"43":589,"44":589,"45":589,"46":589,"47":589,"48":589,"49":589,"50":589,"51":589,"52":589,"53":589,"54":589,"55":589,"56":589,"57":589,"58":589,"59":589,"60":589,"61":589,"62":589,"63":589,"64":589,"65":589,"66":589,"67":589,"68":589,"69":112,"70":41,"71":41,"72":71,"73":71,"74":1,"75":1,"76":1,"77":1,"78":1,"79":0,"80":0,"81":0,"82":1,"83":71,"84":71,"85":589,"86":62,"87":62,"88":39,"89":589,"90":67,"91":589,"92":54,"93":54,"94":54,"95":54,"96":54,"97":589,"98":45,"99":41,"100":589,"101":178,"102":178,"103":77,"104":101,"105":101,"106":589,"107":589,"108":589,"109":589,"110":589,"111":589,"112":589,"113":589,"114":589,"115":589,"116":589,"117":1767,"118":589,"119":2,"120":2,"121":2,"122":2,"123":2,"124":2,"125":2,"126":2,"127":2,"128":589,"129":65,"130":48,"131":17,"132":1,"133":1,"134":17,"135":17,"136":17,"137":589,"138":71,"139":589,"140":27,"141":1,"142":26,"143":589,"144":16,"145":1,"146":15,"147":589,"148":25,"149":1,"150":24,"151":24,"152":24,"153":24,"154":24,"155":24,"156":24,"157":24,"158":24,"159":0,"160":589,"161":3,"162":0,"163":3,"164":0,"165":0,"166":0,"167":3,"168":0,"169":0,"170":0,"171":3,"172":0,"173":0,"174":0,"175":3,"176":3,"177":3,"178":3,"179":3,"180":3,"181":3,"182":2,"183":2,"184":1,"185":3,"186":3,"187":3,"188":589,"189":2,"190":0,"191":2,"192":2,"193":2,"194":2,"195":2,"196":0,"197":0,"198":589,"199":1178,"200":3,"201":586,"202":586,"203":182,"204":404,"205":2,"206":2,"207":3,"208":3,"209":3,"210":3,"211":3,"212":14,"213":14,"214":26,"215":26,"216":6,"217":1,"218":1,"219":5,"220":1,"221":1,"222":4,"223":3,"224":1,"225":0,"226":589,"227":589,"228":2,"229":2,"230":2,"231":2,"232":2,"233":1,"234":1,"235":589,"236":2,"237":2,"238":2,"239":2,"240":2,"241":2,"242":2,"243":2,"244":2},"f":{"0":43,"1":0,"2":0,"3":589,"4":38,"5":38,"6":0,"7":3,"8":112,"9":1,"10":71,"11":62,"12":67,"13":54,"14":45,"15":178,"16":101,"17":1767,"18":2,"19":65,"20":1,"21":17,"22":71,"23":27,"24":16,"25":25,"26":24,"27":3,"28":2,"29":1178,"30":3,"31":586,"32":2,"33":3,"34":3,"35":14,"36":26,"37":6,"38":3,"39":1,"40":0,"41":2},"b":{"0":[43,0],"1":[0,0],"2":[0,0,0,0],"3":[1,2],"4":[3,3],"5":[2,0],"6":[0,0],"7":[0,0],"8":[589,85],"9":[589,584],"10":[41,71],"11":[1,0],"12":[0,0],"13":[39,23],"14":[41,4],"15":[178,106,77],"16":[77,101],"17":[72,29],"18":[72,71,0],"19":[29,0,0],"20":[589,544,304],"21":[589,76],"22":[589,576],"23":[589,304],"24":[589,304],"25":[285,304],"26":[285,304],"27":[589,571],"28":[45,544],"29":[78,511],"30":[42,547],"31":[48,17],"32":[71,7],"33":[1,26],"34":[1,15],"35":[1,24],"36":[0,0],"37":[0,3],"38":[3,3,3],"39":[0,3],"40":[0,3],"41":[0,3],"42":[1,0],"43":[0,2],"44":[2,2],"45":[1,1],"46":[0,0],"47":[4,585],"48":[4,585],"49":[589,76],"50":[513,76],"51":[3,586],"52":[589,10],"53":[10,2],"54":[4,6],"55":[4,6],"56":[589,589],"57":[589,589],"58":[589,589],"59":[589,586],"60":[404,182],"61":[586,265],"62":[586,302],"63":[586,321],"64":[182,404],"65":[219,185],"66":[586,302],"67":[586,321,321],"68":[586,503],"69":[586,161],"70":[161,0],"71":[161,0,0],"72":[161,0],"73":[161,87,28],"74":[161,28],"75":[133,28],"76":[28,28],"77":[586,293],"78":[293,0,0],"79":[293,76],"80":[293,248,207],"81":[293,208],"82":[293,76],"83":[293,76],"84":[85,208],"85":[208,156],"86":[586,132,130,130],"87":[130,0,0],"88":[130,0],"89":[130,0],"90":[130,0],"91":[130,0],"92":[130,0],"93":[130,112,46],"94":[26,104],"95":[104,48],"96":[130,48],"97":[1,5],"98":[6,6,6],"99":[1,4],"100":[1,0],"101":[130,120],"102":[130,35],"103":[82,48],"104":[48,18],"105":[589,3],"106":[3,1],"107":[589,304],"108":[589,76],"109":[589,76],"110":[285,304],"111":[1,1],"112":[2,2]},"meta":{"lastBranch":113,"lastFunction":42,"lastStatement":245,"seen":{"f:36:9:36:31":0,"s:37:2:37:Infinity":0,"b:37:9:37:32:37:32:37:Infinity":0,"f:40:9:40:22":1,"s:41:2:41:Infinity":1,"b:41:34:41:50:41:50:41:Infinity":1,"f:44:9:44:24":2,"s:45:2:49:Infinity":2,"b:46:4:46:Infinity:47:7:47:Infinity:48:7:48:Infinity:49:8:49:Infinity":2,"s:53:30:53:Infinity":3,"f:55:24:55:30":3,"s:56:8:56:Infinity":4,"s:57:34:57:Infinity":5,"s:58:32:58:Infinity":6,"s:59:32:59:Infinity":7,"s:60:40:60:Infinity":8,"s:62:30:62:Infinity":9,"s:63:34:63:Infinity":10,"s:64:38:64:Infinity":11,"s:65:46:65:Infinity":12,"s:66:32:66:Infinity":13,"s:67:30:67:Infinity":14,"s:68:32:68:Infinity":15,"s:69:42:69:Infinity":16,"s:70:36:70:Infinity":17,"s:73:2:77:Infinity":18,"f:73:18:73:24":4,"s:74:4:76:Infinity":19,"f:75:12:75:13":5,"s:75:19:75:57":20,"f:76:13:76:14":6,"s:76:22:76:68":21,"s:79:23:112:Infinity":22,"f:79:23:79:35":7,"s:80:4:80:Infinity":23,"s:81:4:111:Infinity":24,"s:82:27:82:Infinity":25,"s:83:27:83:Infinity":26,"b:84:6:92:Infinity:undefined:undefined:undefined:undefined":3,"s:84:6:92:Infinity":27,"b:85:8:85:Infinity:86:11:89:Infinity":4,"s:91:8:91:Infinity":28,"s:93:28:93:Infinity":29,"s:94:28:94:Infinity":30,"s:95:6:95:Infinity":31,"b:96:6:102:Infinity:undefined:undefined:undefined:undefined":5,"s:96:6:102:Infinity":32,"s:97:8:97:Infinity":33,"s:98:8:98:Infinity":34,"s:99:8:99:Infinity":35,"s:100:8:100:Infinity":36,"s:101:8:101:Infinity":37,"s:103:6:103:Infinity":38,"b:106:6:108:Infinity:undefined:undefined:undefined:undefined":6,"s:106:6:108:Infinity":39,"b:106:10:106:34:106:34:106:63":7,"s:107:8:107:Infinity":40,"s:110:6:110:Infinity":41,"s:114:8:114:Infinity":42,"s:115:8:115:Infinity":43,"s:116:8:116:Infinity":44,"s:118:8:118:Infinity":45,"s:119:8:119:Infinity":46,"s:120:8:120:Infinity":47,"s:121:8:121:Infinity":48,"s:122:8:122:Infinity":49,"s:123:8:123:Infinity":50,"s:125:8:125:Infinity":51,"s:126:8:126:Infinity":52,"s:127:8:127:Infinity":53,"s:128:8:128:Infinity":54,"s:129:8:129:Infinity":55,"s:130:8:130:Infinity":56,"s:131:26:131:Infinity":57,"b:131:26:131:52:131:52:131:Infinity":8,"s:132:28:132:Infinity":58,"b:132:28:132:41:132:41:132:Infinity":9,"s:133:8:133:Infinity":59,"s:134:8:134:Infinity":60,"s:140:32:140:Infinity":61,"s:141:36:141:Infinity":62,"s:142:50:142:Infinity":63,"s:143:58:143:Infinity":64,"s:147:46:147:Infinity":65,"s:148:38:148:Infinity":66,"s:149:8:149:Infinity":67,"s:152:2:176:Infinity":68,"f:152:18:152:24":8,"b:153:4:156:Infinity:undefined:undefined:undefined:undefined":10,"s:153:4:156:Infinity":69,"s:154:6:154:Infinity":70,"s:155:6:155:Infinity":71,"s:157:4:157:Infinity":72,"s:158:4:174:Infinity":73,"f:158:41:158:53":9,"s:159:67:159:Infinity":74,"s:160:6:172:Infinity":75,"b:161:8:171:Infinity:undefined:undefined:undefined:undefined":11,"s:161:8:171:Infinity":76,"s:162:11:170:Infinity":77,"s:163:13:163:Infinity":78,"s:166:27:166:Infinity":79,"b:167:13:169:Infinity:undefined:undefined:undefined:undefined":12,"s:167:13:169:Infinity":80,"s:168:15:168:Infinity":81,"s:173:6:173:Infinity":82,"s:175:4:175:Infinity":83,"f:175:11:175:17":10,"s:175:17:175:Infinity":84,"s:185:2:190:Infinity":85,"f:185:18:185:24":11,"s:186:4:186:Infinity":86,"b:187:4:189:Infinity:undefined:undefined:undefined:undefined":13,"s:187:4:189:Infinity":87,"s:188:6:188:Infinity":88,"s:191:2:193:Infinity":89,"f:191:18:191:24":12,"s:192:4:192:Infinity":90,"s:194:2:200:Infinity":91,"f:194:18:194:24":13,"s:195:4:195:Infinity":92,"s:196:4:196:Infinity":93,"s:197:4:197:Infinity":94,"s:198:4:198:Infinity":95,"s:199:4:199:Infinity":96,"s:202:2:206:Infinity":97,"f:202:18:202:24":14,"b:203:4:205:Infinity:undefined:undefined:undefined:undefined":14,"s:203:4:205:Infinity":98,"s:204:6:204:Infinity":99,"s:208:9:219:Infinity":100,"f:208:31:208:37":15,"s:209:18:209:Infinity":101,"b:209:18:209:31:209:31:209:49:209:49:209:Infinity":15,"b:210:5:210:Infinity:undefined:undefined:undefined:undefined":16,"s:210:5:210:Infinity":102,"s:210:16:210:Infinity":103,"s:212:5:218:Infinity":104,"f:214:33:214:34":16,"s:214:44:217:9":105,"b:216:28:216:75:216:75:216:Infinity":17,"b:216:28:216:54:216:54:216:68:216:68:216:75":18,"b:216:75:216:89:216:89:216:115:216:115:216:Infinity":19,"s:221:24:221:Infinity":106,"b:221:24:221:39:221:39:221:59:221:59:221:Infinity":20,"s:222:26:222:Infinity":107,"b:222:26:222:60:222:60:222:Infinity":21,"s:223:29:223:Infinity":108,"b:223:29:223:73:223:73:223:Infinity":22,"s:224:46:224:Infinity":109,"b:224:46:224:86:224:86:224:Infinity":23,"s:225:22:225:Infinity":110,"b:225:22:225:66:225:66:225:Infinity":24,"s:226:42:228:Infinity":111,"b:227:6:227:Infinity:228:6:228:Infinity":25,"s:229:42:231:Infinity":112,"b:230:6:230:Infinity:231:6:231:Infinity":26,"s:239:20:239:Infinity":113,"s:240:22:240:Infinity":114,"s:241:24:241:Infinity":115,"b:241:24:241:55:241:55:241:Infinity":27,"s:242:25:246:Infinity":116,"b:243:18:243:29:243:29:243:Infinity":28,"b:244:16:244:25:244:25:244:Infinity":29,"b:245:20:245:33:245:33:245:Infinity":30,"f:246:11:246:12":17,"s:246:37:246:50":117,"s:248:21:258:Infinity":118,"f:248:21:248:27":18,"s:249:4:249:Infinity":119,"s:250:4:250:Infinity":120,"s:251:4:251:Infinity":121,"s:252:4:252:Infinity":122,"s:253:4:253:Infinity":123,"s:254:4:254:Infinity":124,"s:255:4:255:Infinity":125,"s:256:4:256:Infinity":126,"s:257:4:257:Infinity":127,"s:263:2:271:Infinity":128,"f:263:18:263:24":19,"b:264:4:264:Infinity:undefined:undefined:undefined:undefined":31,"s:264:4:264:Infinity":129,"s:264:37:264:Infinity":130,"s:265:31:268:Infinity":131,"f:265:31:265:32":20,"s:266:6:266:Infinity":132,"s:267:6:267:Infinity":133,"s:269:4:269:Infinity":134,"s:270:4:270:Infinity":135,"f:270:11:270:17":21,"s:270:17:270:Infinity":136,"s:277:25:277:Infinity":137,"f:277:25:277:26":22,"s:277:71:277:Infinity":138,"b:277:71:277:81:277:81:277:Infinity":32,"s:279:29:282:Infinity":139,"f:279:29:279:30":23,"b:280:4:280:Infinity:undefined:undefined:undefined:undefined":33,"s:280:4:280:Infinity":140,"s:280:73:280:Infinity":141,"s:281:4:281:Infinity":142,"s:284:31:287:Infinity":143,"f:284:31:284:32":24,"b:285:4:285:Infinity:undefined:undefined:undefined:undefined":34,"s:285:4:285:Infinity":144,"s:285:77:285:Infinity":145,"s:286:4:286:Infinity":146,"s:289:27:310:Infinity":147,"f:289:27:289:34":25,"b:290:4:293:Infinity:undefined:undefined:undefined:undefined":35,"s:290:4:293:Infinity":148,"s:293:7:293:Infinity":149,"s:294:4:294:Infinity":150,"s:295:4:309:Infinity":151,"s:296:27:296:Infinity":152,"s:297:22:299:Infinity":153,"f:298:33:298:34":26,"s:298:43:298:83":154,"s:300:6:303:Infinity":155,"s:304:6:304:Infinity":156,"s:305:6:305:Infinity":157,"s:306:6:306:Infinity":158,"s:308:6:308:Infinity":159,"b:308:44:308:58:308:58:308:69":36,"s:312:28:354:Infinity":160,"f:312:28:312:40":27,"b:313:4:313:Infinity:undefined:undefined:undefined:undefined":37,"s:313:4:313:Infinity":161,"b:313:8:313:23:313:23:313:36:313:36:313:51":38,"s:313:51:313:Infinity":162,"b:314:4:323:Infinity:undefined:undefined:undefined:undefined":39,"s:314:4:323:Infinity":163,"s:317:6:317:Infinity":164,"s:318:6:321:Infinity":165,"s:322:6:322:Infinity":166,"b:324:4:328:Infinity:undefined:undefined:undefined:undefined":40,"s:324:4:328:Infinity":167,"s:325:6:325:Infinity":168,"s:326:6:326:Infinity":169,"s:327:6:327:Infinity":170,"b:329:4:333:Infinity:undefined:undefined:undefined:undefined":41,"s:329:4:333:Infinity":171,"s:330:6:330:Infinity":172,"s:331:6:331:Infinity":173,"s:332:6:332:Infinity":174,"s:334:4:334:Infinity":175,"s:335:4:335:Infinity":176,"s:336:4:336:Infinity":177,"s:337:4:337:Infinity":178,"s:338:4:338:Infinity":179,"s:339:4:353:Infinity":180,"s:340:21:344:Infinity":181,"s:345:6:345:Infinity":182,"s:346:6:346:Infinity":183,"s:348:6:348:Infinity":184,"b:348:41:348:55:348:55:348:66":42,"s:350:6:350:Infinity":185,"s:351:6:351:Infinity":186,"s:352:6:352:Infinity":187,"s:356:26:367:Infinity":188,"f:356:26:356:38":28,"b:357:4:357:Infinity:undefined:undefined:undefined:undefined":43,"s:357:4:357:Infinity":189,"b:357:8:357:30:357:30:357:46":44,"s:357:46:357:Infinity":190,"s:358:4:358:Infinity":191,"s:359:4:359:Infinity":192,"s:360:4:366:Infinity":193,"s:361:21:361:Infinity":194,"s:362:6:362:Infinity":195,"b:362:35:362:90:362:90:362:124":45,"s:364:6:364:Infinity":196,"b:364:59:364:73:364:73:364:84":46,"s:365:6:365:Infinity":197,"s:370:4:601:Infinity":198,"b:380:31:380:61:380:61:380:Infinity":47,"b:383:63:383:75:383:75:383:82":48,"b:393:21:393:34:393:34:393:Infinity":49,"b:396:74:396:86:396:86:396:93":50,"b:399:31:399:39:399:39:399:Infinity":51,"b:404:7:404:Infinity:405:8:420:Infinity":52,"b:408:13:408:Infinity:409:14:409:Infinity":53,"b:416:36:416:108:416:108:416:Infinity":54,"b:418:30:418:48:418:48:418:Infinity":55,"f:423:48:423:49":29,"s:424:10:436:Infinity":199,"f:427:21:427:27":30,"s:427:27:427:Infinity":200,"b:430:48:430:60:430:60:430:Infinity":56,"b:431:43:431:52:431:52:431:Infinity":57,"b:432:49:432:61:432:61:432:Infinity":58,"b:439:7:439:Infinity:440:8:591:Infinity":59,"b:445:63:445:78:445:78:445:Infinity":60,"b:445:24:445:43:445:43:445:63":61,"f:446:28:446:34":31,"s:447:28:450:Infinity":201,"b:448:14:448:35:448:35:448:Infinity":62,"b:449:14:449:33:449:33:449:Infinity":63,"b:451:12:451:Infinity:undefined:undefined:undefined:undefined":64,"s:451:12:451:Infinity":202,"s:451:38:451:Infinity":203,"s:452:12:452:Infinity":204,"b:452:83:452:89:452:89:452:91":65,"b:462:20:462:50:462:50:462:Infinity":66,"b:463:18:463:38:463:38:463:66:463:66:463:Infinity":67,"b:464:22:464:54:464:54:464:Infinity":68,"b:467:11:467:Infinity:468:8:491:Infinity":69,"b:469:11:469:Infinity:470:12:470:Infinity":70,"b:472:11:472:32:472:32:472:Infinity:473:12:473:Infinity":71,"b:477:21:477:41:477:41:477:Infinity":72,"b:481:18:481:31:481:31:481:49:481:49:481:Infinity":73,"b:482:22:482:40:482:40:482:Infinity":74,"f:484:20:484:27":32,"s:485:14:485:Infinity":205,"s:486:14:486:Infinity":206,"b:476:34:476:72:476:72:476:Infinity":75,"b:476:84:476:96:476:96:476:102":76,"b:493:11:493:Infinity:494:8:516:Infinity":77,"b:495:11:495:34:495:34:495:Infinity:496:12:496:Infinity":78,"b:500:21:500:43:500:43:500:Infinity":79,"b:504:20:504:35:504:35:504:55:504:55:504:Infinity":80,"b:505:22:505:42:505:42:505:Infinity":81,"b:506:29:506:53:506:53:506:Infinity":82,"b:507:31:507:57:507:57:507:Infinity":83,"f:509:20:509:27":33,"s:510:14:510:Infinity":207,"s:511:14:511:Infinity":208,"b:499:36:499:76:499:76:499:Infinity":84,"b:499:88:499:102:499:102:499:108":85,"b:518:11:518:39:518:39:518:57:518:57:518:Infinity:519:8:589:Infinity":86,"b:520:11:520:36:520:36:520:Infinity:521:12:521:Infinity":87,"b:525:21:525:45:525:45:525:Infinity":88,"b:529:22:529:47:529:47:529:Infinity":89,"b:530:19:530:34:530:34:530:Infinity":90,"b:531:21:531:38:531:38:531:Infinity":91,"b:532:31:532:57:532:57:532:Infinity":92,"b:533:19:533:41:533:41:533:70:533:70:533:Infinity":93,"b:534:62:534:87:534:87:534:Infinity":94,"b:534:87:534:120:534:120:534:Infinity":95,"b:535:22:535:44:535:44:535:Infinity":96,"f:536:20:536:27":34,"s:537:14:537:Infinity":209,"s:538:14:538:Infinity":210,"s:539:14:539:Infinity":211,"f:541:27:541:28":35,"s:542:14:542:Infinity":212,"s:543:14:543:Infinity":213,"f:545:31:545:32":36,"s:546:14:546:Infinity":214,"s:547:14:547:Infinity":215,"f:549:24:549:30":37,"b:550:14:556:Infinity:undefined:undefined:undefined:undefined":97,"s:550:14:556:Infinity":216,"b:550:18:550:33:550:33:550:46:550:46:550:61":98,"s:551:16:554:Infinity":217,"s:555:16:555:Infinity":218,"b:557:14:563:Infinity:undefined:undefined:undefined:undefined":99,"s:557:14:563:Infinity":219,"s:558:16:561:Infinity":220,"s:562:16:562:Infinity":221,"s:564:14:574:Infinity":222,"f:569:27:569:28":38,"s:569:36:569:Infinity":223,"f:570:25:570:26":39,"s:570:34:573:Infinity":224,"b:572:57:572:71:572:71:572:74":100,"b:576:30:576:58:576:58:576:Infinity":101,"b:582:20:582:39:582:39:582:Infinity":102,"b:524:38:524:80:524:80:524:Infinity":103,"b:524:92:524:108:524:108:524:114":104,"b:593:7:593:Infinity:594:8:599:Infinity":105,"b:595:21:595:44:595:44:595:Infinity":106,"f:598:21:598:27":40,"s:598:27:598:Infinity":225,"s:605:4:617:Infinity":226,"b:610:23:610:60:610:60:610:Infinity":107,"b:611:26:611:49:611:49:611:Infinity":108,"s:621:4:637:Infinity":227,"b:622:16:622:39:622:39:622:Infinity":109,"b:624:34:624:47:624:47:624:Infinity":110,"f:627:24:627:31":41,"s:628:35:628:Infinity":228,"s:629:22:629:Infinity":229,"s:630:8:630:Infinity":230,"s:631:8:631:Infinity":231,"b:632:8:635:Infinity:undefined:undefined:undefined:undefined":111,"s:632:8:635:Infinity":232,"b:632:12:632:34:632:34:632:73":112,"s:633:10:633:Infinity":233,"s:634:10:634:Infinity":234,"s:640:2:640:Infinity":235,"s:643:48:650:Infinity":236,"s:652:46:660:Infinity":237,"s:662:47:671:Infinity":238,"s:673:50:686:Infinity":239,"s:688:54:697:Infinity":240,"s:699:51:703:Infinity":241,"s:705:45:713:Infinity":242,"s:715:51:722:Infinity":243,"s:724:57:730:Infinity":244}}}
,"/Users/alexchan/Documents/Ursa/Zoo/frontend/src/api/client.ts": {"path":"/Users/alexchan/Documents/Ursa/Zoo/frontend/src/api/client.ts","statementMap":{"0":{"start":{"line":1,"column":13},"end":{"line":1,"column":null}},"1":{"start":{"line":11,"column":4},"end":{"line":11,"column":null}},"2":{"start":{"line":12,"column":4},"end":{"line":12,"column":null}},"3":{"start":{"line":13,"column":4},"end":{"line":13,"column":null}},"4":{"start":{"line":18,"column":2},"end":{"line":28,"column":null}},"5":{"start":{"line":19,"column":4},"end":{"line":26,"column":null}},"6":{"start":{"line":20,"column":21},"end":{"line":20,"column":null}},"7":{"start":{"line":21,"column":6},"end":{"line":23,"column":null}},"8":{"start":{"line":22,"column":8},"end":{"line":22,"column":null}},"9":{"start":{"line":27,"column":4},"end":{"line":27,"column":null}},"10":{"start":{"line":29,"column":2},"end":{"line":29,"column":null}},"11":{"start":{"line":33,"column":14},"end":{"line":36,"column":null}},"12":{"start":{"line":37,"column":2},"end":{"line":40,"column":null}},"13":{"start":{"line":38,"column":17},"end":{"line":38,"column":null}},"14":{"start":{"line":39,"column":4},"end":{"line":39,"column":null}},"15":{"start":{"line":41,"column":2},"end":{"line":41,"column":null}},"16":{"start":{"line":45,"column":14},"end":{"line":45,"column":null}},"17":{"start":{"line":46,"column":2},"end":{"line":49,"column":null}},"18":{"start":{"line":47,"column":17},"end":{"line":47,"column":null}},"19":{"start":{"line":48,"column":4},"end":{"line":48,"column":null}},"20":{"start":{"line":50,"column":2},"end":{"line":50,"column":null}},"21":{"start":{"line":54,"column":23},"end":{"line":68,"column":null}},"22":{"start":{"line":55,"column":21},"end":{"line":55,"column":null}},"23":{"start":{"line":57,"column":4},"end":{"line":57,"column":null}},"24":{"start":{"line":59,"column":4},"end":{"line":62,"column":null}},"25":{"start":{"line":64,"column":4},"end":{"line":67,"column":null}},"26":{"start":{"line":71,"column":25},"end":{"line":205,"column":null}},"27":{"start":{"line":72,"column":21},"end":{"line":72,"column":null}},"28":{"start":{"line":74,"column":4},"end":{"line":74,"column":null}},"29":{"start":{"line":76,"column":4},"end":{"line":76,"column":null}},"30":{"start":{"line":78,"column":4},"end":{"line":78,"column":null}},"31":{"start":{"line":80,"column":4},"end":{"line":80,"column":null}},"32":{"start":{"line":82,"column":4},"end":{"line":82,"column":null}},"33":{"start":{"line":84,"column":4},"end":{"line":87,"column":null}},"34":{"start":{"line":89,"column":4},"end":{"line":89,"column":null}},"35":{"start":{"line":91,"column":4},"end":{"line":94,"column":null}},"36":{"start":{"line":96,"column":4},"end":{"line":98,"column":null}},"37":{"start":{"line":100,"column":4},"end":{"line":103,"column":null}},"38":{"start":{"line":105,"column":4},"end":{"line":107,"column":null}},"39":{"start":{"line":109,"column":4},"end":{"line":112,"column":null}},"40":{"start":{"line":114,"column":4},"end":{"line":117,"column":null}},"41":{"start":{"line":119,"column":4},"end":{"line":122,"column":null}},"42":{"start":{"line":124,"column":4},"end":{"line":127,"column":null}},"43":{"start":{"line":129,"column":4},"end":{"line":131,"column":null}},"44":{"start":{"line":133,"column":4},"end":{"line":138,"column":null}},"45":{"start":{"line":140,"column":4},"end":{"line":142,"column":null}},"46":{"start":{"line":150,"column":4},"end":{"line":153,"column":null}},"47":{"start":{"line":161,"column":4},"end":{"line":169,"column":null}},"48":{"start":{"line":178,"column":4},"end":{"line":181,"column":null}},"49":{"start":{"line":183,"column":4},"end":{"line":185,"column":null}},"50":{"start":{"line":187,"column":4},"end":{"line":189,"column":null}},"51":{"start":{"line":191,"column":4},"end":{"line":193,"column":null}},"52":{"start":{"line":195,"column":4},"end":{"line":197,"column":null}},"53":{"start":{"line":199,"column":4},"end":{"line":199,"column":null}},"54":{"start":{"line":201,"column":4},"end":{"line":204,"column":null}},"55":{"start":{"line":208,"column":27},"end":{"line":251,"column":null}},"56":{"start":{"line":210,"column":4},"end":{"line":210,"column":null}},"57":{"start":{"line":211,"column":21},"end":{"line":211,"column":null}},"58":{"start":{"line":213,"column":4},"end":{"line":213,"column":null}},"59":{"start":{"line":215,"column":4},"end":{"line":218,"column":null}},"60":{"start":{"line":220,"column":4},"end":{"line":226,"column":null}},"61":{"start":{"line":228,"column":4},"end":{"line":234,"column":null}},"62":{"start":{"line":240,"column":4},"end":{"line":244,"column":null}},"63":{"start":{"line":246,"column":4},"end":{"line":248,"column":null}},"64":{"start":{"line":250,"column":4},"end":{"line":250,"column":null}},"65":{"start":{"line":254,"column":27},"end":{"line":265,"column":null}},"66":{"start":{"line":255,"column":13},"end":{"line":255,"column":null}},"67":{"start":{"line":257,"column":4},"end":{"line":260,"column":null}},"68":{"start":{"line":262,"column":4},"end":{"line":264,"column":null}},"69":{"start":{"line":268,"column":23},"end":{"line":275,"column":null}},"70":{"start":{"line":270,"column":4},"end":{"line":270,"column":null}},"71":{"start":{"line":272,"column":4},"end":{"line":272,"column":null}},"72":{"start":{"line":274,"column":4},"end":{"line":274,"column":null}}},"fnMap":{"0":{"name":"constructor","decl":{"start":{"line":10,"column":2},"end":{"line":10,"column":14}},"loc":{"start":{"line":10,"column":47},"end":{"line":14,"column":null}},"line":10},"1":{"name":"errorMessageFromResponse","decl":{"start":{"line":17,"column":9},"end":{"line":17,"column":34}},"loc":{"start":{"line":17,"column":76},"end":{"line":30,"column":null}},"line":17},"2":{"name":"request","decl":{"start":{"line":32,"column":15},"end":{"line":32,"column":26}},"loc":{"start":{"line":32,"column":72},"end":{"line":42,"column":null}},"line":32},"3":{"name":"download","decl":{"start":{"line":44,"column":15},"end":{"line":44,"column":24}},"loc":{"start":{"line":44,"column":53},"end":{"line":51,"column":null}},"line":44},"4":{"name":"(anonymous_4)","decl":{"start":{"line":55,"column":15},"end":{"line":55,"column":21}},"loc":{"start":{"line":55,"column":21},"end":{"line":55,"column":null}},"line":55},"5":{"name":"(anonymous_5)","decl":{"start":{"line":56,"column":7},"end":{"line":56,"column":8}},"loc":{"start":{"line":57,"column":4},"end":{"line":57,"column":null}},"line":57},"6":{"name":"(anonymous_6)","decl":{"start":{"line":58,"column":7},"end":{"line":58,"column":8}},"loc":{"start":{"line":59,"column":4},"end":{"line":62,"column":null}},"line":59},"7":{"name":"(anonymous_7)","decl":{"start":{"line":63,"column":16},"end":{"line":63,"column":17}},"loc":{"start":{"line":64,"column":4},"end":{"line":67,"column":null}},"line":64},"8":{"name":"(anonymous_8)","decl":{"start":{"line":72,"column":15},"end":{"line":72,"column":21}},"loc":{"start":{"line":72,"column":21},"end":{"line":72,"column":null}},"line":72},"9":{"name":"(anonymous_9)","decl":{"start":{"line":73,"column":23},"end":{"line":73,"column":null}},"loc":{"start":{"line":74,"column":4},"end":{"line":74,"column":null}},"line":74},"10":{"name":"(anonymous_10)","decl":{"start":{"line":75,"column":21},"end":{"line":75,"column":null}},"loc":{"start":{"line":76,"column":4},"end":{"line":76,"column":null}},"line":76},"11":{"name":"(anonymous_11)","decl":{"start":{"line":77,"column":24},"end":{"line":77,"column":null}},"loc":{"start":{"line":78,"column":4},"end":{"line":78,"column":null}},"line":78},"12":{"name":"(anonymous_12)","decl":{"start":{"line":79,"column":24},"end":{"line":79,"column":null}},"loc":{"start":{"line":80,"column":4},"end":{"line":80,"column":null}},"line":80},"13":{"name":"(anonymous_13)","decl":{"start":{"line":81,"column":7},"end":{"line":81,"column":8}},"loc":{"start":{"line":82,"column":4},"end":{"line":82,"column":null}},"line":82},"14":{"name":"(anonymous_14)","decl":{"start":{"line":83,"column":7},"end":{"line":83,"column":8}},"loc":{"start":{"line":84,"column":4},"end":{"line":87,"column":null}},"line":84},"15":{"name":"(anonymous_15)","decl":{"start":{"line":88,"column":15},"end":{
[...]
line":189,"column":6},"end":{"line":201,"column":null}},"type":"if","locations":[{"start":{"line":189,"column":6},"end":{"line":201,"column":null}},{"start":{},"end":{}}],"line":189},"24":{"loc":{"start":{"line":191,"column":8},"end":{"line":193,"column":null}},"type":"if","locations":[{"start":{"line":191,"column":8},"end":{"line":193,"column":null}},{"start":{},"end":{}}],"line":191},"25":{"loc":{"start":{"line":191,"column":12},"end":{"line":191,"column":76}},"type":"binary-expr","locations":[{"start":{"line":191,"column":12},"end":{"line":191,"column":42}},{"start":{"line":191,"column":42},"end":{"line":191,"column":62}},{"start":{"line":191,"column":62},"end":{"line":191,"column":76}}],"line":191},"26":{"loc":{"start":{"line":219,"column":2},"end":{"line":221,"column":null}},"type":"if","locations":[{"start":{"line":219,"column":2},"end":{"line":221,"column":null}},{"start":{},"end":{}}],"line":219}},"s":{"0":10,"1":10,"2":3,"3":7,"4":2,"5":2,"6":1,"7":1,"8":0,"9":6,"10":9,"11":9,"12":7,"13":2,"14":2,"15":1,"16":1,"17":14,"18":51,"19":2,"20":12,"21":2,"22":10,"23":1,"24":9,"25":9,"26":2,"27":7,"28":1,"29":6,"30":6,"31":6,"32":14,"33":14,"34":14,"35":0,"36":6,"37":0,"38":8,"39":8,"40":8,"41":8,"42":8,"43":8,"44":3,"45":3,"46":3,"47":0,"48":3,"49":6,"50":6,"51":0,"52":6,"53":2,"54":2,"55":1,"56":1,"57":1,"58":4,"59":7,"60":140,"61":15,"62":0,"63":15},"f":{"0":10,"1":2,"2":0,"3":9,"4":14,"5":0,"6":8,"7":140,"8":15},"b":{"0":[10,2,1],"1":[3,7],"2":[10,9],"3":[1,1],"4":[2,1],"5":[7,2],"6":[1,1],"7":[2,2],"8":[2,49],"9":[2,10],"10":[1,9],"11":[2,7],"12":[1,6],"13":[4,2],"14":[14,3],"15":[0,14],"16":[8,0],"17":[8,0],"18":[3,5],"19":[0,3],"20":[3,3],"21":[0,6],"22":[6,6],"23":[2,4],"24":[1,1],"25":[2,1,1],"26":[0,15]},"meta":{"lastBranch":27,"lastFunction":9,"lastStatement":64,"seen":{"f:22:16:22:34":0,"s:23:16:23:Infinity":0,"b:23:23:23:57:23:57:23:85:23:85:23:110":0,"b:24:2:26:Infinity:undefined:undefined:undefined:undefined":1,"s:24:2:26:Infinity":1,"b:24:6:24:33:24:33:24:45":2,"s:25:4:25:Infinity":2,"s:27:2:27:Infinity":3,"f:30:16:30:42":1,"s:31:16:31:Infinity":4,"b:32:2:34:Infinity:undefined:undefined:undefined:undefined":3,"s:32:2:34:Infinity":5,"b:32:6:32:33:32:33:32:45":4,"s:33:4:33:Infinity":6,"s:35:2:35:Infinity":7,"f:38:16:38:36":2,"s:39:2:39:Infinity":8,"s:45:42:45:Infinity":9,"f:47:16:47:43":3,"s:48:14:48:Infinity":10,"b:49:2:51:Infinity:undefined:undefined:undefined:undefined":5,"s:49:2:51:Infinity":11,"s:50:4:50:Infinity":12,"s:52:16:52:Infinity":13,"b:53:2:59:Infinity:undefined:undefined:undefined:undefined":6,"s:53:2:59:Infinity":14,"b:53:6:53:33:53:33:53:44":7,"s:56:4:58:Infinity":15,"s:60:2:60:Infinity":16,"f:63:16:63:54":4,"s:76:2:85:Infinity":17,"b:82:4:84:Infinity:undefined:undefined:undefined:undefined":8,"s:82:4:84:Infinity":18,"s:83:6:83:Infinity":19,"b:86:2:88:Infinity:undefined:undefined:undefined:undefined":9,"s:86:2:88:Infinity":20,"s:87:4:87:Infinity":21,"b:89:2:91:Infinity:undefined:undefined:undefined:undefined":10,"s:89:2:91:Infinity":22,"s:90:4:90:Infinity":23,"s:92:32:92:Infinity":24,"b:93:2:95:Infinity:undefined:undefined:undefined:undefined":11,"s:93:2:95:Infinity":25,"s:94:4:94:Infinity":26,"b:96:2:98:Infinity:undefined:undefined:undefined:undefined":12,"s:96:2:98:Infinity":27,"s:97:4:97:Infinity":28,"s:99:30:99:Infinity":29,"s:100:29:100:Infinity":30,"s:101:15:101:Infinity":31,"b:101:36:101:40:101:40:101:Infinity":13,"s:102:15:102:Infinity":32,"b:102:23:102:33:102:33:102:68":14,"s:103:21:103:Infinity":33,"b:104:2:106:Infinity:undefined:undefined:undefined:undefined":15,"s:104:2:106:Infinity":34,"s:105:4:105:Infinity":35,"s:107:2:118:Infinity":36,"f:121:16:121:48":5,"s:130:2:130:Infinity":37,"f:133:16:133:38":6,"s:158:15:158:Infinity":38,"s:159:2:166:Infinity":39,"b:167:2:169:Infinity:undefined:undefined:undefined:undefined":16,"s:167:2:169:Infinity":40,"s:168:4:168:Infinity":41,"s:170:2:178:Infinity":42,"b:171:8:171:30:171:30:171:Infinity":17,"b:180:2:209:Infinity:undefined:undefined:undefined:undefined":18,"s:180:2:209:Infinity":43,"s:181:22:181:Infinity":44,"s:182:19:182:Infinity":45,"b:183:4:185:Infinity:undefined:undefined:undefined:undefined":19,"s:183:4:185:Infinity":46,"b:183:8:183:22:183:22:183:31":20,"s:184:6:184:Infinity":47,"s:186:4:208:Infinity":48,"s:187:21:187:Infinity":49,"b:188:6:188:Infinity:undefined:undefined:undefined:undefined":21,"s:188:6:188:Infinity":50,"b:188:10:188:21:188:21:188:46":22,"s:188:46:188:Infinity":51,"b:189:6:201:Infinity:undefined:undefined:undefined:undefined":23,"s:189:6:201:Infinity":52,"s:190:25:190:Infinity":53,"b:191:8:193:Infinity:undefined:undefined:undefined:undefined":24,"s:191:8:193:Infinity":54,"b:191:12:191:42:191:42:191:62:191:62:191:76":25,"s:192:10:192:Infinity":55,"s:194:8:199:Infinity":56,"s:200:8:200:Infinity":57,"s:202:6:207:Infinity":58,"s:211:2:211:Infinity":59,"f:214:9:214:17":7,"s:215:2:215:Infinity":60,"f:218:9:218:23":8,"b:219:2:221:Infinity:undefined:undefined:undefined:undefined":26,"s:219:2:221:Infinity":61,"s:220:4:220:Infinity":62,"s:222:2:222:Infinity":63}}}
,"/Users/alexchan/Documents/Ursa/Zoo/frontend/src/components/layout/AppLayout.tsx": {"path":"/Users/alexchan/Documents/Ursa/Zoo/frontend/src/components/layout/AppLayout.tsx","statementMap":{"0":{"start":{"line":10,"column":2},"end":{"line":58,"column":null}}},"fnMap":{"0":{"name":"AppLayout","decl":{"start":{"line":9,"column":24},"end":{"line":9,"column":34}},"loc":{"start":{"line":9,"column":74},"end":{"line":60,"column":null}},"line":9}},"branchMap":{},"s":{"0":473},"f":{"0":473},"b":{},"meta":{"lastBranch":0,"lastFunction":1,"lastStatement":1,"seen":{"f:9:24:9:34":0,"s:10:2:58:Infinity":0}}}
,"/Users/alexchan/Documents/Ursa/Zoo/frontend/src/hooks/useDeck.ts": {"path":"/Users/alexchan/Documents/Ursa/Zoo/frontend/src/hooks/useDeck.ts","statementMap":{"0":{"start":{"line":11,"column":2},"end":{"line":11,"column":null}},"1":{"start":{"line":15,"column":2},"end":{"line":19,"column":null}},"2":{"start":{"line":17,"column":19},"end":{"line":17,"column":null}},"3":{"start":{"line":23,"column":8},"end":{"line":23,"column":null}},"4":{"start":{"line":24,"column":2},"end":{"line":31,"column":null}},"5":{"start":{"line":25,"column":54},"end":{"line":25,"column":null}},"6":{"start":{"line":27,"column":6},"end":{"line":27,"column":null}},"7":{"start":{"line":28,"column":6},"end":{"line":28,"column":null}},"8":{"start":{"line":29,"column":6},"end":{"line":29,"column":null}}},"fnMap":{"0":{"name":"useDeckConfigs","decl":{"start":{"line":10,"column":16},"end":{"line":10,"column":33}},"loc":{"start":{"line":10,"column":33},"end":{"line":12,"column":null}},"line":10},"1":{"name":"useDeck","decl":{"start":{"line":14,"column":16},"end":{"line":14,"column":24}},"loc":{"start":{"line":14,"column":49},"end":{"line":20,"column":null}},"line":14},"2":{"name":"(anonymous_2)","decl":{"start":{"line":17,"column":13},"end":{"line":17,"column":19}},"loc":{"start":{"line":17,"column":19},"end":{"line":17,"column":null}},"line":17},"3":{"name":"useSaveDeck","decl":{"start":{"line":22,"column":16},"end":{"line":22,"column":30}},"loc":{"start":{"line":22,"column":30},"end":{"line":32,"column":null}},"line":22},"4":{"name":"(anonymous_4)","decl":{"start":{"line":25,"column":16},"end":{"line":25,"column":17}},"loc":{"start":{"line":25,"column":54},"end":{"line":25,"column":null}},"line":25},"5":{"name":"(anonymous_5)","decl":{"start":{"line":26,"column":15},"end":{"line":26,"column":16}},"loc":{"start":{"line":26,"column":39},"end":{"line":30,"column":null}},"line":26}},"branchMap":{},"s":{"0":589,"1":589,"2":27,"3":589,"4":589,"5":26,"6":26,"7":26,"8":26},"f":{"0":589,"1":589,"2":27,"3":589,"4":26,"5":26},"b":{},"meta":{"lastBranch":0,"lastFunction":6,"lastStatement":9,"seen":{"f:10:16:10:33":0,"s:11:2:11:Infinity":0,"f:14:16:14:24":1,"s:15:2:19:Infinity":1,"f:17:13:17:19":2,"s:17:19:17:Infinity":2,"f:22:16:22:30":3,"s:23:8:23:Infinity":3,"s:24:2:31:Infinity":4,"f:25:16:25:17":4,"s:25:54:25:Infinity":5,"f:26:15:26:16":5,"s:27:6:27:Infinity":6,"s:28:6:28:Infinity":7,"s:29:6:29:Infinity":8}}}
,"/Users/alexchan/Documents/Ursa/Zoo/frontend/src/hooks/useExperimentData.ts": {"path":"/Users/alexchan/Documents/Ursa/Zoo/frontend/src/hooks/useExperimentData.ts","statementMap":{"0":{"start":{"line":5,"column":2},"end":{"line":8,"column":null}}},"fnMap":{"0":{"name":"useExperimentData","decl":{"start":{"line":4,"column":16},"end":{"line":4,"column":36}},"loc":{"start":{"line":4,"column":36},"end":{"line":9,"column":null}},"line":4}},"branchMap":{},"s":{"0":589},"f":{"0":589},"b":{},"meta":{"lastBranch":0,"lastFunction":1,"lastStatement":1,"seen":{"f:4:16:4:36":0,"s:5:2:8:Infinity":0}}}
,"/Users/alexchan/Documents/Ursa/Zoo/frontend/src/hooks/useGantryPosition.ts": {"path":"/Users/alexchan/Documents/Ursa/Zoo/frontend/src/hooks/useGantryPosition.ts","statementMap":{"0":{"start":{"line":11,"column":2},"end":{"line":16,"column":null}},"1":{"start":{"line":20,"column":2},"end":{"line":20,"column":null}},"2":{"start":{"line":24,"column":2},"end":{"line":28,"column":null}},"3":{"start":{"line":32,"column":2},"end":{"line":36,"column":null}},"4":{"start":{"line":40,"column":2},"end":{"line":44,"column":null}},"5":{"start":{"line":48,"column":2},"end":{"line":52,"column":null}},"6":{"start":{"line":56,"column":2},"end":{"line":60,"column":null}},"7":{"start":{"line":58,"column":19},"end":{"line":58,"column":null}},"8":{"start":{"line":64,"column":8},"end":{"line":64,"column":null}},"9":{"start":{"line":65,"column":2},"end":{"line":72,"column":null}},"10":{"start":{"line":66,"column":56},"end":{"line":66,"column":null}},"11":{"start":{"line":68,"column":6},"end":{"line":68,"column":null}},"12":{"start":{"line":69,"column":6},"end":{"line":69,"column":null}},"13":{"start":{"line":70,"column":6},"end":{"line":70,"column":null}}},"fnMap":{"0":{"name":"useGantryPosition","decl":{"start":{"line":10,"column":16},"end":{"line":10,"column":34}},"loc":{"start":{"line":10,"column":50},"end":{"line":17,"column":null}},"line":10},"1":{"name":"useGantryConfigs","decl":{"start":{"line":19,"column":16},"end":{"line":19,"column":35}},"loc":{"start":{"line":19,"column":35},"end":{"line":21,"column":null}},"line":19},"2":{"name":"useInstrumentTypes","decl":{"start":{"line":23,"column":16},"end":{"line":23,"column":37}},"loc":{"start":{"line":23,"column":37},"end":{"line":29,"column":null}},"line":23},"3":{"name":"usePipetteModels","decl":{"start":{"line":31,"column":16},"end":{"line":31,"column":35}},"loc":{"start":{"line":31,"column":35},"end":{"line":37,"column":null}},"line":31},"4":{"name":"useInstrumentSchemas","decl":{"start":{"line":39,"column":16},"end":{"line":39,"column":39}},"loc":{"start":{"line":39,"column":39},"end":{"line":45,"column":null}},"line":39},"5":{"name":"useInstrumentMethods","decl":{"start":{"line":47,"column":16},"end":{"line":47,"column":39}},"loc":{"start":{"line":47,"column":39},"end":{"line":53,"column":null}},"line":47},"6":{"name":"useGantry","decl":{"start":{"line":55,"column":16},"end":{"line":55,"column":26}},"loc":{"start":{"line":55,"column":51},"end":{"line":61,"column":null}},"line":55},"7":{"name":"(anonymous_7)","decl":{"start":{"line":58,"column":13},"end":{"line":58,"column":19}},"loc":{"start":{"line":58,"column":19},"end":{"line":58,"column":null}},"line":58},"8":{"name":"useSaveGantry","decl":{"start":{"line":63,"column":16},"end":{"line":63,"column":32}},"loc":{"start":{"line":63,"column":32},"end":{"line":73,"column":null}},"line":63},"9":{"name":"(anonymous_9)","decl":{"start":{"line":66,"column":16},"end":{"line":66,"column":17}},"loc":{"start":{"line":66,"column":56},"end":{"line":66,"column":null}},"line":66},"10":{"name":"(anonymous_10)","decl":{"start":{"line":67,"column":15},"end":{"line":67,"column":16}},"loc":{"start":{"line":67,"column":39},"end":{"line":71,"column":null}},"line":67}},"branchMap":{"0":{"loc":{"start":{"line":10,"column":34},"end":{"line":10,"column":50}},"type":"default-arg","locations":[{"start":{"line":10,"column":44},"end":{"line":10,"column":50}}],"line":10},"1":{"loc":{"start":{"line":14,"column":21},"end":{"line":14,"column":null}},"type":"cond-expr","locations":[{"start":{"line":14,"column":31},"end":{"line":14,"column":37}},{"start":{"line":14,"column":37},"end":{"line":14,"column":null}}],"line":14}},"s":{"0":589,"1":589,"2":589,"3":0,"4":589,"5":589,"6":589,"7":32,"8":589,"9":589,"10":5,"11":5,"12":5,"13":5},"f":{"0":589,"1":589,"2":589,"3":0,"4":589,"5":589,"6":589,"7":32,"8":589,"9":5,"10":5},"b":{"0":[589],"1":[589,0]},"meta":{"lastBranch":2,"lastFunction":11,"lastStatement":14,"seen":{"f:10:16:10:34":0,"b:10:44:10:50":0,"s:11:2:16:Infinity":0,"b:14:31:14:37:14:37:14:Infinity":1,"f:19:16:19:35":1,"s:20:2:20:Infinity":1,"f:23:16:23:37":2,"s:24:2:28:Infinity":2,"f:31:16:31:35":3,"s:32:2:36:Infinity":3,"f:39:16:39:39":4,"s:40:2:44:Infinity":4,"f:47:16:47:39":5,"s:48:2:52:Infinity":5,"f:55:16:55:26":6,"s:56:2:60:Infinity":6,"f:58:13:58:19":7,"s:58:19:58:Infinity":7,"f:63:16:63:32":8,"s:64:8:64:Infinity":8,"s:65:2:72:Infinity":9,"f:66:16:66:17":9,"s:66:56:66:Infinity":10,"f:67:15:67:16":10,"s:68:6:68:Infinity":11,"s:69:6:69:Infinity":12,"s:70:6:70:Infinity":13}}}
,"/Users/alexchan/Documents/Ursa/Zoo/frontend/src/hooks/useProtocol.ts": {"path":"/Users/alexchan/Documents/Ursa/Zoo/frontend/src/hooks/useProtocol.ts","statementMap":{"0":{"start":{"line":11,"column":2},"end":{"line":15,"column":null}},"1":{"start":{"line":19,"column":2},"end":{"line":22,"column":null}},"2":{"start":{"line":26,"column":2},"end":{"line":30,"column":null}},"3":{"start":{"line":28,"column":19},"end":{"line":28,"column":null}},"4":{"start":{"line":34,"column":2},"end":{"line":38,"column":null}},"5":{"start":{"line":42,"column":8},"end":{"line":42,"column":null}},"6":{"start":{"line":43,"column":2},"end":{"line":49,"column":null}},"7":{"start":{"line":44,"column":58},"end":{"line":44,"column":null}},"8":{"start":{"line":46,"column":6},"end":{"line":46,"column":null}},"9":{"start":{"line":47,"column":6},"end":{"line":47,"column":null}},"10":{"start":{"line":53,"column":2},"end":{"line":55,"column":null}},"11":{"start":{"line":54,"column":42},"end":{"line":54,"column":null}},"12":{"start":{"line":59,"column":2},"end":{"line":61,"column":null}},"13":{"start":{"line":60,"column":58},"end":{"line":60,"column":null}}},"fnMap":{"0":{"name":"useProtocolCommands","decl":{"start":{"line":10,"column":16},"end":{"line":10,"column":38}},"loc":{"start":{"line":10,"column":38},"end":{"line":16,"column":null}},"line":10},"1":{"name":"useProtocolConfigs","decl":{"start":{"line":18,"column":16},"end":{"line":18,"column":37}},"loc":{"start":{"line":18,"column":37},"end":{"line":23,"column":null}},"line":18},"2":{"name":"useProtocol","decl":{"start":{"line":25,"column":16},"end":{"line":25,"column":28}},"loc":{"start":{"line":25,"column":53},"end":{"line":31,"column":null}},"line":25},"3":{"name":"(anonymous_3)","decl":{"start":{"line":28,"column":13},"end":{"line":28,"column":19}},"loc":{"start":{"line":28,"column":19},"end":{"line":28,"column":null}},"line":28},"4":{"name":"useRunStatus","decl":{"start":{"line":33,"column":16},"end":{"line":33,"column":31}},"loc":{"start":{"line":33,"column":31},"end":{"line":39,"column":null}},"line":33},"5":{"name":"useSaveProtocol","decl":{"start":{"line":41,"column":16},"end":{"line":41,"column":34}},"loc":{"start":{"line":41,"column":34},"end":{"line":50,"column":null}},"line":41},"6":{"name":"(anonymous_6)","decl":{"start":{"line":44,"column":16},"end":{"line":44,"column":17}},"loc":{"start":{"line":44,"column":58},"end":{"line":44,"column":null}},"line":44},"7":{"name":"(anonymous_7)","decl":{"start":{"line":45,"column":15},"end":{"line":45,"column":16}},"loc":{"start":{"line":45,"column":40},"end":{"line":48,"column":null}},"line":45},"8":{"name":"useValidateProtocol","decl":{"start":{"line":52,"column":16},"end":{"line":52,"column":38}},"loc":{"start":{"line":52,"column":38},"end":{"line":56,"column":null}},"line":52},"9":{"name":"(anonymous_9)","decl":{"start":{"line":54,"column":16},"end":{"line":54,"column":17}},"loc":{"start":{"line":54,"column":42},"end":{"line":54,"column":null}},"line":54},"10":{"name":"useValidateProtocolSetup","decl":{"start":{"line":58,"column":16},"end":{"line":58,"column":43}},"loc":{"start":{"line":58,"column":43},"end":{"line":62,"column":null}},"line":58},"11":{"name":"(anonymous_11)","decl":{"start":{"line":60,"column":16},"end":{"line":60,"column":17}},"loc":{"start":{"line":60,"column":58},"end":{"line":60,"column":null}},"line":60}},"branchMap":{},"s":{"0":589,"1":589,"2":589,"3":19,"4":589,"5":589,"6":589,"7":3,"8":3,"9":3,"10":0,"11":0,"12":589,"13":4},"f":{"0":589,"1":589,"2":589,"3":19,"4":589,"5":589,"6":3,"7":3,"8":0,"9":0,"10":589,"11":4},"b":{},"meta":{"lastBranch":0,"lastFunction":12,"lastStatement":14,"seen":{"f:10:16:10:38":0,"s:11:2:15:Infinity":0,"f:18:16:18:37":1,"s:19:2:22:Infinity":1,"f:25:16:25:28":2,"s:26:2:30:Infinity":2,"f:28:13:28:19":3,"s:28:19:28:Infinity":3,"f:33:16:33:31":4,"s:34:2:38:Infinity":4,"f:41:16:41:34":5,"s:42:8:42:Infinity":5,"s:43:2:49:Infinity":6,"f:44:16:44:17":6,"s:44:58:44:Infinity":7,"f:45:15:45:16":7,"s:46:6:46:Infinity":8,"s:47:6:47:Infinity":9,"f:52:16:52:38":8,"s:53:2:55:Infinity":10,"f:54:16:54:17":9,"s:54:42:54:Infinity":11,"f:58:16:58:43":10,"s:59:2:61:Infinity":12,"f:60:16:60:17":11,"s:60:58:60:Infinity":13}}}
,"/Users/alexchan/Documents/Ursa/Zoo/frontend/src/utils/coordinates.ts": {"path":"/Users/alexchan/Documents/Ursa/Zoo/frontend/src/utils/coordinates.ts","statementMap":{"0":{"start":{"line":8,"column":27},"end":{"line":8,"column":null}},"1":{"start":{"line":24,"column":16},"end":{"line":24,"column":null}},"2":{"start":{"line":25,"column":16},"end":{"line":25,"column":null}},"3":{"start":{"line":26,"column":16},"end":{"line":26,"column":null}},"4":{"start":{"line":27,"column":16},"end":{"line":27,"column":null}},"5":{"start":{"line":28,"column":19},"end":{"line":28,"column":null}},"6":{"start":{"line":29,"column":19},"end":{"line":29,"column":null}},"7":{"start":{"line":30,"column":16},"end":{"line":30,"column":null}},"8":{"start":{"line":31,"column":16},"end":{"line":31,"column":null}},"9":{"start":{"line":32,"column":17},"end":{"line":32,"column":null}},"10":{"start":{"line":34,"column":2},"end":{"line":40,"column":null}},"11":{"start":{"line":50,"column":2},"end":{"line":50,"column":null}},"12":{"start":{"line":61,"column":19},"end":{"line":61,"column":null}},"13":{"start":{"line":64,"column":13},"end":{"line":64,"column":null}},"14":{"start":{"line":66,"column":13},"end":{"line":66,"column":null}},"15":{"start":{"line":68,"column":2},"end":{"line":68,"column":null}}},"fnMap":{"0":{"name":"getSvgViewport","decl":{"start":{"line":18,"column":16},"end":{"line":18,"column":null}},"loc":{"start":{"line":23,"column":15},"end":{"line":41,"column":null}},"line":23},"1":{"name":"mmToSvgPixels","decl":{"start":{"line":43,"column":16},"end":{"line":43,"column":null}},"loc":{"start":{"line":49,"column":10},"end":{"line":51,"column":null}},"line":49},"2":{"name":"machineToSvg","decl":{"start":{"line":53,"column":16},"end":{"line":53,"column":null}},"loc":{"start":{"line":60,"column":30},"end":{"line":69,"column":null}},"line":60}},"branchMap":{},"s":{"0":4,"1":28652,"2":28652,"3":28652,"4":28652,"5":28652,"6":28652,"7":28652,"8":28652,"9":28652,"10":28652,"11":225,"12":27947,"13":27947,"14":27947,"15":27947},"f":{"0":28652,"1":225,"2":27947},"b":{},"meta":{"lastBranch":0,"lastFunction":3,"lastStatement":16,"seen":{"s:8:27:8:Infinity":0,"f:18:16:18:Infinity":0,"s:24:16:24:Infinity":1,"s:25:16:25:Infinity":2,"s:26:16:26:Infinity":3,"s:27:16:27:Infinity":4,"s:28:19:28:Infinity":5,"s:29:19:29:Infinity":6,"s:30:16:30:Infinity":7,"s:31:16:31:Infinity":8,"s:32:17:32:Infinity":9,"s:34:2:40:Infinity":10,"f:43:16:43:Infinity":1,"s:50:2:50:Infinity":11,"f:53:16:53:Infinity":2,"s:61:19:61:Infinity":12,"s:64:13:64:Infinity":13,"s:66:13:66:Infinity":14,"s:68:2:68:Infinity":15}}}
}
